Performing C++ SOURCE FILE Test _fbracket_depth_4096 failed with the following output:
Change Dir: /home/shivaubuntu/CFU-playground/CFU-Playground/proj/my_first_cfu/build/renode/CMakeFiles/CMakeTmp

Run Build Command(s):/usr/bin/make cmTC_cd432/fast && make[1]: Entering directory '/home/shivaubuntu/CFU-playground/CFU-Playground/proj/my_first_cfu/build/renode/CMakeFiles/CMakeTmp'
/usr/bin/make -f CMakeFiles/cmTC_cd432.dir/build.make CMakeFiles/cmTC_cd432.dir/build
make[2]: Entering directory '/home/shivaubuntu/CFU-playground/CFU-Playground/proj/my_first_cfu/build/renode/CMakeFiles/CMakeTmp'
Building CXX object CMakeFiles/cmTC_cd432.dir/src.cxx.o
/usr/bin/c++    -D_fbracket_depth_4096   -fbracket-depth=4096 -o CMakeFiles/cmTC_cd432.dir/src.cxx.o -c /home/shivaubuntu/CFU-playground/CFU-Playground/proj/my_first_cfu/build/renode/CMakeFiles/CMakeTmp/src.cxx
c++: error: unrecognized command line option '-fbracket-depth=4096'
make[2]: *** [CMakeFiles/cmTC_cd432.dir/build.make:66: CMakeFiles/cmTC_cd432.dir/src.cxx.o] Error 1
make[2]: Leaving directory '/home/shivaubuntu/CFU-playground/CFU-Playground/proj/my_first_cfu/build/renode/CMakeFiles/CMakeTmp'
make[1]: *** [Makefile:121: cmTC_cd432/fast] Error 2
make[1]: Leaving directory '/home/shivaubuntu/CFU-playground/CFU-Playground/proj/my_first_cfu/build/renode/CMakeFiles/CMakeTmp'


Source file was:
int main() { return 0; }
Performing C++ SOURCE FILE Test _mno_cet failed with the following output:
Change Dir: /home/shivaubuntu/CFU-playground/CFU-Playground/proj/my_first_cfu/build/renode/CMakeFiles/CMakeTmp

Run Build Command(s):/usr/bin/make cmTC_8e541/fast && make[1]: Entering directory '/home/shivaubuntu/CFU-playground/CFU-Playground/proj/my_first_cfu/build/renode/CMakeFiles/CMakeTmp'
/usr/bin/make -f CMakeFiles/cmTC_8e541.dir/build.make CMakeFiles/cmTC_8e541.dir/build
make[2]: Entering directory '/home/shivaubuntu/CFU-playground/CFU-Playground/proj/my_first_cfu/build/renode/CMakeFiles/CMakeTmp'
Building CXX object CMakeFiles/cmTC_8e541.dir/src.cxx.o
/usr/bin/c++    -D_mno_cet   -mno-cet -o CMakeFiles/cmTC_8e541.dir/src.cxx.o -c /home/shivaubuntu/CFU-playground/CFU-Playground/proj/my_first_cfu/build/renode/CMakeFiles/CMakeTmp/src.cxx
c++: error: unrecognized command line option '-mno-cet'; did you mean '-mno-aes'?
make[2]: *** [CMakeFiles/cmTC_8e541.dir/build.make:66: CMakeFiles/cmTC_8e541.dir/src.cxx.o] Error 1
make[2]: Leaving directory '/home/shivaubuntu/CFU-playground/CFU-Playground/proj/my_first_cfu/build/renode/CMakeFiles/CMakeTmp'
make[1]: *** [Makefile:121: cmTC_8e541/fast] Error 2
make[1]: Leaving directory '/home/shivaubuntu/CFU-playground/CFU-Playground/proj/my_first_cfu/build/renode/CMakeFiles/CMakeTmp'


Source file was:
int main() { return 0; }
Performing C++ SOURCE FILE Test _Qunused_arguments failed with the following output:
Change Dir: /home/shivaubuntu/CFU-playground/CFU-Playground/proj/my_first_cfu/build/renode/CMakeFiles/CMakeTmp

Run Build Command(s):/usr/bin/make cmTC_2eaba/fast && make[1]: Entering directory '/home/shivaubuntu/CFU-playground/CFU-Playground/proj/my_first_cfu/build/renode/CMakeFiles/CMakeTmp'
/usr/bin/make -f CMakeFiles/cmTC_2eaba.dir/build.make CMakeFiles/cmTC_2eaba.dir/build
make[2]: Entering directory '/home/shivaubuntu/CFU-playground/CFU-Playground/proj/my_first_cfu/build/renode/CMakeFiles/CMakeTmp'
Building CXX object CMakeFiles/cmTC_2eaba.dir/src.cxx.o
/usr/bin/c++    -D_Qunused_arguments   -Qunused-arguments -o CMakeFiles/cmTC_2eaba.dir/src.cxx.o -c /home/shivaubuntu/CFU-playground/CFU-Playground/proj/my_first_cfu/build/renode/CMakeFiles/CMakeTmp/src.cxx
c++: error: unrecognized command line option '-Qunused-arguments'
make[2]: *** [CMakeFiles/cmTC_2eaba.dir/build.make:66: CMakeFiles/cmTC_2eaba.dir/src.cxx.o] Error 1
make[2]: Leaving directory '/home/shivaubuntu/CFU-playground/CFU-Playground/proj/my_first_cfu/build/renode/CMakeFiles/CMakeTmp'
make[1]: *** [Makefile:121: cmTC_2eaba/fast] Error 2
make[1]: Leaving directory '/home/shivaubuntu/CFU-playground/CFU-Playground/proj/my_first_cfu/build/renode/CMakeFiles/CMakeTmp'


Source file was:
int main() { return 0; }
Performing C++ SOURCE FILE Test _mt failed with the following output:
Change Dir: /home/shivaubuntu/CFU-playground/CFU-Playground/proj/my_first_cfu/build/renode/CMakeFiles/CMakeTmp

Run Build Command(s):/usr/bin/make cmTC_11dd7/fast && make[1]: Entering directory '/home/shivaubuntu/CFU-playground/CFU-Playground/proj/my_first_cfu/build/renode/CMakeFiles/CMakeTmp'
/usr/bin/make -f CMakeFiles/cmTC_11dd7.dir/build.make CMakeFiles/cmTC_11dd7.dir/build
make[2]: Entering directory '/home/shivaubuntu/CFU-playground/CFU-Playground/proj/my_first_cfu/build/renode/CMakeFiles/CMakeTmp'
Building CXX object CMakeFiles/cmTC_11dd7.dir/src.cxx.o
/usr/bin/c++    -D_mt   -o CMakeFiles/cmTC_11dd7.dir/src.cxx.o -c /home/shivaubuntu/CFU-playground/CFU-Playground/proj/my_first_cfu/build/renode/CMakeFiles/CMakeTmp/src.cxx
Linking CXX executable cmTC_11dd7
/usr/bin/cmake -E cmake_link_script CMakeFiles/cmTC_11dd7.dir/link.txt --verbose=1
/usr/bin/c++   -D_mt    CMakeFiles/cmTC_11dd7.dir/src.cxx.o  -o cmTC_11dd7  -mt 
c++: error: unrecognized command line option ‘-mt’; did you mean ‘-t’?
make[2]: *** [CMakeFiles/cmTC_11dd7.dir/build.make:87: cmTC_11dd7] Error 1
make[2]: Leaving directory '/home/shivaubuntu/CFU-playground/CFU-Playground/proj/my_first_cfu/build/renode/CMakeFiles/CMakeTmp'
make[1]: *** [Makefile:121: cmTC_11dd7/fast] Error 2
make[1]: Leaving directory '/home/shivaubuntu/CFU-playground/CFU-Playground/proj/my_first_cfu/build/renode/CMakeFiles/CMakeTmp'


Source file was:
int main() {return 0;}

