The system is: Linux - 5.4.0-97-generic - x86_64
Compiling the C compiler identification source file "CMakeCCompilerId.c" succeeded.
Compiler: /usr/bin/cc 
Build flags: 
Id flags:  

The output was:
0


Compilation of the C compiler identification source "CMakeCCompilerId.c" produced "a.out"

The C compiler identification is GNU, found in "/home/shivaubuntu/CFU-playground/CFU-Playground/proj/proj_nn_1/build/renode/CMakeFiles/3.16.3/CompilerIdC/a.out"

Compiling the CXX compiler identification source file "CMakeCXXCompilerId.cpp" succeeded.
Compiler: /usr/bin/c++ 
Build flags: 
Id flags:  

The output was:
0


Compilation of the CXX compiler identification source "CMakeCXXCompilerId.cpp" produced "a.out"

The CXX compiler identification is GNU, found in "/home/shivaubuntu/CFU-playground/CFU-Playground/proj/proj_nn_1/build/renode/CMakeFiles/3.16.3/CompilerIdCXX/a.out"

Determining if the C compiler works passed with the following output:
Change Dir: /home/shivaubuntu/CFU-playground/CFU-Playground/proj/proj_nn_1/build/renode/CMakeFiles/CMakeTmp

Run Build Command(s):/usr/bin/make cmTC_0e129/fast && make[1]: Entering directory '/home/shivaubuntu/CFU-playground/CFU-Playground/proj/proj_nn_1/build/renode/CMakeFiles/CMakeTmp'
/usr/bin/make -f CMakeFiles/cmTC_0e129.dir/build.make CMakeFiles/cmTC_0e129.dir/build
make[2]: Entering directory '/home/shivaubuntu/CFU-playground/CFU-Playground/proj/proj_nn_1/build/renode/CMakeFiles/CMakeTmp'
Building C object CMakeFiles/cmTC_0e129.dir/testCCompiler.c.o
/usr/bin/cc    -o CMakeFiles/cmTC_0e129.dir/testCCompiler.c.o   -c /home/shivaubuntu/CFU-playground/CFU-Playground/proj/proj_nn_1/build/renode/CMakeFiles/CMakeTmp/testCCompiler.c
Linking C executable cmTC_0e129
/usr/bin/cmake -E cmake_link_script CMakeFiles/cmTC_0e129.dir/link.txt --verbose=1
/usr/bin/cc      CMakeFiles/cmTC_0e129.dir/testCCompiler.c.o  -o cmTC_0e129 
make[2]: Leaving directory '/home/shivaubuntu/CFU-playground/CFU-Playground/proj/proj_nn_1/build/renode/CMakeFiles/CMakeTmp'
make[1]: Leaving directory '/home/shivaubuntu/CFU-playground/CFU-Playground/proj/proj_nn_1/build/renode/CMakeFiles/CMakeTmp'



Detecting C compiler ABI info compiled with the following output:
Change Dir: /home/shivaubuntu/CFU-playground/CFU-Playground/proj/proj_nn_1/build/renode/CMakeFiles/CMakeTmp

Run Build Command(s):/usr/bin/make cmTC_e1502/fast && make[1]: Entering directory '/home/shivaubuntu/CFU-playground/CFU-Playground/proj/proj_nn_1/build/renode/CMakeFiles/CMakeTmp'
/usr/bin/make -f CMakeFiles/cmTC_e1502.dir/build.make CMakeFiles/cmTC_e1502.dir/build
make[2]: Entering directory '/home/shivaubuntu/CFU-playground/CFU-Playground/proj/proj_nn_1/build/renode/CMakeFiles/CMakeTmp'
Building C object CMakeFiles/cmTC_e1502.dir/CMakeCCompilerABI.c.o
/usr/bin/cc   -v -o CMakeFiles/cmTC_e1502.dir/CMakeCCompilerABI.c.o   -c /usr/share/cmake-3.16/Modules/CMakeCCompilerABI.c
Using built-in specs.
COLLECT_GCC=/usr/bin/cc
OFFLOAD_TARGET_NAMES=nvptx-none:hsa
OFFLOAD_TARGET_DEFAULT=1
Target: x86_64-linux-gnu
Configured with: ../src/configure -v --with-pkgversion='Ubuntu 9.3.0-17ubuntu1~20.04' --with-bugurl=file:///usr/share/doc/gcc-9/README.Bugs --enable-languages=c,ada,c++,go,brig,d,fortran,objc,obj-c++,gm2 --prefix=/usr --with-gcc-major-version-only --program-suffix=-9 --program-prefix=x86_64-linux-gnu- --enable-shared --enable-linker-build-id --libexecdir=/usr/lib --without-included-gettext --enable-threads=posix --libdir=/usr/lib --enable-nls --enable-clocale=gnu --enable-libstdcxx-debug --enable-libstdcxx-time=yes --with-default-libstdcxx-abi=new --enable-gnu-unique-object --disable-vtable-verify --enable-plugin --enable-default-pie --with-system-zlib --with-target-system-zlib=auto --enable-objc-gc=auto --enable-multiarch --disable-werror --with-arch-32=i686 --with-abi=m64 --with-multilib-list=m32,m64,mx32 --enable-multilib --with-tune=generic --enable-offload-targets=nvptx-none=/build/gcc-9-HskZEa/gcc-9-9.3.0/debian/tmp-nvptx/usr,hsa --without-cuda-driver --enable-checking=release --build=x86_64-linux-gnu --host=x86_64-linux-gnu --target=x86_64-linux-gnu
Thread model: posix
gcc version 9.3.0 (Ubuntu 9.3.0-17ubuntu1~20.04) 
COLLECT_GCC_OPTIONS='-v' '-o' 'CMakeFiles/cmTC_e1502.dir/CMakeCCompilerABI.c.o' '-c' '-mtune=generic' '-march=x86-64'
 /usr/lib/gcc/x86_64-linux-gnu/9/cc1 -quiet -v -imultiarch x86_64-linux-gnu /usr/share/cmake-3.16/Modules/CMakeCCompilerABI.c -quiet -dumpbase CMakeCCompilerABI.c -mtune=generic -march=x86-64 -auxbase-strip CMakeFiles/cmTC_e1502.dir/CMakeCCompilerABI.c.o -version -fasynchronous-unwind-tables -fstack-protector-strong -Wformat -Wformat-security -fstack-clash-protection -fcf-protection -o /tmp/ccaY8AW3.s
GNU C17 (Ubuntu 9.3.0-17ubuntu1~20.04) version 9.3.0 (x86_64-linux-gnu)
	compiled by GNU C version 9.3.0, GMP version 6.2.0, MPFR version 4.0.2, MPC version 1.1.0, isl version isl-0.22.1-GMP

GGC heuristics: --param ggc-min-expand=100 --param ggc-min-heapsize=131072
ignoring nonexistent directory "/usr/local/include/x86_64-linux-gnu"
ignoring nonexistent directory "/usr/lib/gcc/x86_64-linux-gnu/9/include-fixed"
ignoring nonexistent directory "/usr/lib/gcc/x86_64-linux-gnu/9/../../../../x86_64-linux-gnu/include"
#include "..." search starts here:
#include <...> search starts here:
 /usr/lib/gcc/x86_64-linux-gnu/9/include
 /usr/local/include
 /usr/include/x86_64-linux-gnu
 /usr/include
End of search list.
GNU C17 (Ubuntu 9.3.0-17ubuntu1~20.04) version 9.3.0 (x86_64-linux-gnu)
	compiled by GNU C version 9.3.0, GMP version 6.2.0, MPFR version 4.0.2, MPC version 1.1.0, isl version isl-0.22.1-GMP

GGC heuristics: --param ggc-min-expand=100 --param ggc-min-heapsize=131072
Compiler executable checksum: bbf13931d8de1abe14040c9909cb6969
COLLECT_GCC_OPTIONS='-v' '-o' 'CMakeFiles/cmTC_e1502.dir/CMakeCCompilerABI.c.o' '-c' '-mtune=generic' '-march=x86-64'
 as -v --64 -o CMakeFiles/cmTC_e1502.dir/CMakeCCompilerABI.c.o /tmp/ccaY8AW3.s
GNU assembler version 2.34 (x86_64-linux-gnu) using BFD version (GNU Binutils for Ubuntu) 2.34
COMPILER_PATH=/usr/lib/gcc/x86_64-linux-gnu/9/:/usr/lib/gcc/x86_64-linux-gnu/9/:/usr/lib/gcc/x86_64-linux-gnu/:/usr/lib/gcc/x86_64-linux-gnu/9/:/usr/lib/gcc/x86_64-linux-gnu/
LIBRARY_PATH=/usr/lib/gcc/x86_64-linux-gnu/9/:/usr/lib/gcc/x86_64-linux-gnu/9/../../../x86_64-linux-gnu/:/usr/lib/gcc/x86_64-linux-gnu/9/../../../../lib/:/lib/x86_64-linux-gnu/:/lib/../lib/:/usr/lib/x86_64-linux-gnu/:/usr/lib/../lib/:/usr/lib/gcc/x86_64-linux-gnu/9/../../../:/lib/:/usr/lib/
COLLECT_GCC_OPTIONS='-v' '-o' 'CMakeFiles/cmTC_e1502.dir/CMakeCCompilerABI.c.o' '-c' '-mtune=generic' '-march=x86-64'
Linking C executable cmTC_e1502
/usr/bin/cmake -E cmake_link_script CMakeFiles/cmTC_e1502.dir/link.txt --verbose=1
/usr/bin/cc     -v CMakeFiles/cmTC_e1502.dir/CMakeCCompilerABI.c.o  -o cmTC_e1502 
Using built-in specs.
COLLECT_GCC=/usr/bin/cc
COLLECT_LTO_WRAPPER=/usr/lib/gcc/x86_64-linux-gnu/9/lto-wrapper
OFFLOAD_TARGET_NAMES=nvptx-none:hsa
OFFLOAD_TARGET_DEFAULT=1
Target: x86_64-linux-gnu
Configured with: ../src/configure -v --with-pkgversion='Ubuntu 9.3.0-17ubuntu1~20.04' --with-bugurl=file:///usr/share/doc/gcc-9/README.Bugs --enable-languages=c,ada,c++,go,brig,d,fortran,objc,obj-c++,gm2 --prefix=/usr --with-gcc-major-version-only --program-suffix=-9 --program-prefix=x86_64-linux-gnu- --enable-shared --enable-linker-build-id --libexecdir=/usr/lib --without-included-gettext --enable-threads=posix --libdir=/usr/lib --enable-nls --enable-clocale=gnu --enable-libstdcxx-debug --enable-libstdcxx-time=yes --with-default-libstdcxx-abi=new --enable-gnu-unique-object --disable-vtable-verify --enable-plugin --enable-default-pie --with-system-zlib --with-target-system-zlib=auto --enable-objc-gc=auto --enable-multiarch --disable-werror --with-arch-32=i686 --with-abi=m64 --with-multilib-list=m32,m64,mx32 --enable-multilib --with-tune=generic --enable-offload-targets=nvptx-none=/build/gcc-9-HskZEa/gcc-9-9.3.0/debian/tmp-nvptx/usr,hsa --without-cuda-driver --enable-checking=release --build=x86_64-linux-gnu --host=x86_64-linux-gnu --target=x86_64-linux-gnu
Thread model: posix
gcc version 9.3.0 (Ubuntu 9.3.0-17ubuntu1~20.04) 
COMPILER_PATH=/usr/lib/gcc/x86_64-linux-gnu/9/:/usr/lib/gcc/x86_64-linux-gnu/9/:/usr/lib/gcc/x86_64-linux-gnu/:/usr/lib/gcc/x86_64-linux-gnu/9/:/usr/lib/gcc/x86_64-linux-gnu/
LIBRARY_PATH=/usr/lib/gcc/x86_64-linux-gnu/9/:/usr/lib/gcc/x86_64-linux-gnu/9/../../../x86_64-linux-gnu/:/usr/lib/gcc/x86_64-linux-gnu/9/../../../../lib/:/lib/x86_64-linux-gnu/:/lib/../lib/:/usr/lib/x86_64-linux-gnu/:/usr/lib/../lib/:/usr/lib/gcc/x86_64-linux-gnu/9/../../../:/lib/:/usr/lib/
COLLECT_GCC_OPTIONS='-v' '-o' 'cmTC_e1502' '-mtune=generic' '-march=x86-64'
 /usr/lib/gcc/x86_64-linux-gnu/9/collect2 -plugin /usr/lib/gcc/x86_64-linux-gnu/9/liblto_plugin.so -plugin-opt=/usr/lib/gcc/x86_64-linux-gnu/9/lto-wrapper -plugin-opt=-fresolution=/tmp/ccWRnIZr.res -plugin-opt=-pass-through=-lgcc -plugin-opt=-pass-through=-lgcc_s -plugin-opt=-pass-through=-lc -plugin-opt=-pass-through=-lgcc -plugin-opt=-pass-through=-lgcc_s --build-id --eh-frame-hdr -m elf_x86_64 --hash-style=gnu --as-needed -dynamic-linker /lib64/ld-linux-x86-64.so.2 -pie -z now -z relro -o cmTC_e1502 /usr/lib/gcc/x86_64-linux-gnu/9/../../../x86_64-linux-gnu/Scrt1.o /usr/lib/gcc/x86_64-linux-gnu/9/../../../x86_64-linux-gnu/crti.o /usr/lib/gcc/x86_64-linux-gnu/9/crtbeginS.o -L/usr/lib/gcc/x86_64-linux-gnu/9 -L/usr/lib/gcc/x86_64-linux-gnu/9/../../../x86_64-linux-gnu -L/usr/lib/gcc/x86_64-linux-gnu/9/../../../../lib -L/lib/x86_64-linux-gnu -L/lib/../lib -L/usr/lib/x86_64-linux-gnu -L/usr/lib/../lib -L/usr/lib/gcc/x86_64-linux-gnu/9/../../.. CMakeFiles/cmTC_e1502.dir/CMakeCCompilerABI.c.o -lgcc --push-state --as-needed -lgcc_s --pop-state -lc -lgcc --push-state --as-needed -lgcc_s --pop-state /usr/lib/gcc/x86_64-linux-gnu/9/crtendS.o /usr/lib/gcc/x86_64-linux-gnu/9/../../../x86_64-linux-gnu/crtn.o
COLLECT_GCC_OPTIONS='-v' '-o' 'cmTC_e1502' '-mtune=generic' '-march=x86-64'
make[2]: Leaving directory '/home/shivaubuntu/CFU-playground/CFU-Playground/proj/proj_nn_1/build/renode/CMakeFiles/CMakeTmp'
make[1]: Leaving directory '/home/shivaubuntu/CFU-playground/CFU-Playground/proj/proj_nn_1/build/renode/CMakeFiles/CMakeTmp'



Parsed C implicit include dir info from above output: rv=done
  found start of include info
  found start of implicit include info
    add: [/usr/lib/gcc/x86_64-linux-gnu/9/include]
    add: [/usr/local/include]
    add: [/usr/include/x86_64-linux-gnu]
    add: [/usr/include]
  end of search list found
  collapse include dir [/usr/lib/gcc/x86_64-linux-gnu/9/include] ==> [/usr/lib/gcc/x86_64-linux-gnu/9/include]
  collapse include dir [/usr/local/include] ==> [/usr/local/include]
  collapse include dir [/usr/include/x86_64-linux-gnu] ==> [/usr/include/x86_64-linux-gnu]
  collapse include dir [/usr/include] ==> [/usr/include]
  implicit include dirs: [/usr/lib/gcc/x86_64-linux-gnu/9/include;/usr/local/include;/usr/include/x86_64-linux-gnu;/usr/include]


Parsed C implicit link information from above output:
  link line regex: [^( *|.*[/\])(ld|CMAKE_LINK_STARTFILE-NOTFOUND|([^/\]+-)?ld|collect2)[^/\]*( |$)]
  ignore line: [Change Dir: /home/shivaubuntu/CFU-playground/CFU-Playground/proj/proj_nn_1/build/renode/CMakeFiles/CMakeTmp]
  ignore line: []
  ignore line: [Run Build Command(s):/usr/bin/make cmTC_e1502/fast && make[1]: Entering directory '/home/shivaubuntu/CFU-playground/CFU-Playground/proj/proj_nn_1/build/renode/CMakeFiles/CMakeTmp']
  ignore line: [/usr/bin/make -f CMakeFiles/cmTC_e1502.dir/build.make CMakeFiles/cmTC_e1502.dir/build]
  ignore line: [make[2]: Entering directory '/home/shivaubuntu/CFU-playground/CFU-Playground/proj/proj_nn_1/build/renode/CMakeFiles/CMakeTmp']
  ignore line: [Building C object CMakeFiles/cmTC_e1502.dir/CMakeCCompilerABI.c.o]
  ignore line: [/usr/bin/cc   -v -o CMakeFiles/cmTC_e1502.dir/CMakeCCompilerABI.c.o   -c /usr/share/cmake-3.16/Modules/CMakeCCompilerABI.c]
  ignore line: [Using built-in specs.]
  ignore line: [COLLECT_GCC=/usr/bin/cc]
  ignore line: [OFFLOAD_TARGET_NAMES=nvptx-none:hsa]
  ignore line: [OFFLOAD_TARGET_DEFAULT=1]
  ignore line: [Target: x86_64-linux-gnu]
  ignore line: [Configured with: ../src/configure -v --with-pkgversion='Ubuntu 9.3.0-17ubuntu1~20.04' --with-bugurl=file:///usr/share/doc/gcc-9/README.Bugs --enable-languages=c ada c++ go brig d fortran objc obj-c++ gm2 --prefix=/usr --with-gcc-major-version-only --program-suffix=-9 --program-prefix=x86_64-linux-gnu- --enable-shared --enable-linker-build-id --libexecdir=/usr/lib --without-included-gettext --enable-threads=posix --libdir=/usr/lib --enable-nls --enable-clocale=gnu --enable-libstdcxx-debug --enable-libstdcxx-time=yes --with-default-libstdcxx-abi=new --enable-gnu-unique-object --disable-vtable-verify --enable-plugin --enable-default-pie --with-system-zlib --with-target-system-zlib=auto --enable-objc-gc=auto --enable-multiarch --disable-werror --with-arch-32=i686 --with-abi=m64 --with-multilib-list=m32 m64 mx32 --enable-multilib --with-tune=generic --enable-offload-targets=nvptx-none=/build/gcc-9-HskZEa/gcc-9-9.3.0/debian/tmp-nvptx/usr hsa --without-cuda-driver --enable-checking=release --build=x86_64-linux-gnu --host=x86_64-linux-gnu --target=x86_64-linux-gnu]
  ignore line: [Thread model: posix]
  ignore line: [gcc version 9.3.0 (Ubuntu 9.3.0-17ubuntu1~20.04) ]
  ignore line: [COLLECT_GCC_OPTIONS='-v' '-o' 'CMakeFiles/cmTC_e1502.dir/CMakeCCompilerABI.c.o' '-c' '-mtune=generic' '-march=x86-64']
  ignore line: [ /usr/lib/gcc/x86_64-linux-gnu/9/cc1 -quiet -v -imultiarch x86_64-linux-gnu /usr/share/cmake-3.16/Modules/CMakeCCompilerABI.c -quiet -dumpbase CMakeCCompilerABI.c -mtune=generic -march=x86-64 -auxbase-strip CMakeFiles/cmTC_e1502.dir/CMakeCCompilerABI.c.o -version -fasynchronous-unwind-tables -fstack-protector-strong -Wformat -Wformat-security -fstack-clash-protection -fcf-protection -o /tmp/ccaY8AW3.s]
  ignore line: [GNU C17 (Ubuntu 9.3.0-17ubuntu1~20.04) version 9.3.0 (x86_64-linux-gnu)]
  ignore line: [	compiled by GNU C version 9.3.0  GMP version 6.2.0  MPFR version 4.0.2  MPC version 1.1.0  isl version isl-0.22.1-GMP]
  ignore line: []
  ignore line: [GGC heuristics: --param ggc-min-expand=100 --param ggc-min-heapsize=131072]
  ignore line: [ignoring nonexistent directory "/usr/local/include/x86_64-linux-gnu"]
  ignore line: [ignoring nonexistent directory "/usr/lib/gcc/x86_64-linux-gnu/9/include-fixed"]
  ignore line: [ignoring nonexistent directory "/usr/lib/gcc/x86_64-linux-gnu/9/../../../../x86_64-linux-gnu/include"]
  ignore line: [#include "..." search starts here:]
  ignore line: [#include <...> search starts here:]
  ignore line: [ /usr/lib/gcc/x86_64-linux-gnu/9/include]
  ignore line: [ /usr/local/include]
  ignore line: [ /usr/include/x86_64-linux-gnu]
  ignore line: [ /usr/include]
  ignore line: [End of search list.]
  ignore line: [GNU C17 (Ubuntu 9.3.0-17ubuntu1~20.04) version 9.3.0 (x86_64-linux-gnu)]
  ignore line: [	compiled by GNU C version 9.3.0  GMP version 6.2.0  MPFR version 4.0.2  MPC version 1.1.0  isl version isl-0.22.1-GMP]
  ignore line: []
  ignore line: [GGC heuristics: --param ggc-min-expand=100 --param ggc-min-heapsize=131072]
  ignore line: [Compiler executable checksum: bbf13931d8de1abe14040c9909cb6969]
  ignore line: [COLLECT_GCC_OPTIONS='-v' '-o' 'CMakeFiles/cmTC_e1502.dir/CMakeCCompilerABI.c.o' '-c' '-mtune=generic' '-march=x86-64']
  ignore line: [ as -v --64 -o CMakeFiles/cmTC_e1502.dir/CMakeCCompilerABI.c.o /tmp/ccaY8AW3.s]
  ignore line: [GNU assembler version 2.34 (x86_64-linux-gnu) using BFD version (GNU Binutils for Ubuntu) 2.34]
  ignore line: [COMPILER_PATH=/usr/lib/gcc/x86_64-linux-gnu/9/:/usr/lib/gcc/x86_64-linux-gnu/9/:/usr/lib/gcc/x86_64-linux-gnu/:/usr/lib/gcc/x86_64-linux-gnu/9/:/usr/lib/gcc/x86_64-linux-gnu/]
  ignore line: [LIBRARY_PATH=/usr/lib/gcc/x86_64-linux-gnu/9/:/usr/lib/gcc/x86_64-linux-gnu/9/../../../x86_64-linux-gnu/:/usr/lib/gcc/x86_64-linux-gnu/9/../../../../lib/:/lib/x86_64-linux-gnu/:/lib/../lib/:/usr/lib/x86_64-linux-gnu/:/usr/lib/../lib/:/usr/lib/gcc/x86_64-linux-gnu/9/../../../:/lib/:/usr/lib/]
  ignore line: [COLLECT_GCC_OPTIONS='-v' '-o' 'CMakeFiles/cmTC_e1502.dir/CMakeCCompilerABI.c.o' '-c' '-mtune=generic' '-march=x86-64']
  ignore line: [Linking C executable cmTC_e1502]
  ignore line: [/usr/bin/cmake -E cmake_link_script CMakeFiles/cmTC_e1502.dir/link.txt --verbose=1]
  ignore line: [/usr/bin/cc     -v CMakeFiles/cmTC_e1502.dir/CMakeCCompilerABI.c.o  -o cmTC_e1502 ]
  ignore line: [Using built-in specs.]
  ignore line: [COLLECT_GCC=/usr/bin/cc]
  ignore line: [COLLECT_LTO_WRAPPER=/usr/lib/gcc/x86_64-linux-gnu/9/lto-wrapper]
  ignore line: [OFFLOAD_TARGET_NAMES=nvptx-none:hsa]
  ignore line: [OFFLOAD_TARGET_DEFAULT=1]
  ignore line: [Target: x86_64-linux-gnu]
  ignore line: [Configured with: ../src/configure -v --with-pkgversion='Ubuntu 9.3.0-17ubuntu1~20.04' --with-bugurl=file:///usr/share/doc/gcc-9/README.Bugs --enable-languages=c ada c++ go brig d fortran objc obj-c++ gm2 --prefix=/usr --with-gcc-major-version-only --program-suffix=-9 --program-prefix=x86_64-linux-gnu- --enable-shared --enable-linker-build-id --libexecdir=/usr/lib --without-included-gettext --enable-threads=posix --libdir=/usr/lib --enable-nls --enable-clocale=gnu --enable-libstdcxx-debug --enable-libstdcxx-time=yes --with-default-libstdcxx-abi=new --enable-gnu-unique-object --disable-vtable-verify --enable-plugin --enable-default-pie --with-system-zlib --with-target-system-zlib=auto --enable-objc-gc=auto --enable-multiarch --disable-werror --with-arch-32=i686 --with-abi=m64 --with-multilib-list=m32 m64 mx32 --enable-multilib --with-tune=generic --enable-offload-targets=nvptx-none=/build/gcc-9-HskZEa/gcc-9-9.3.0/debian/tmp-nvptx/usr hsa --without-cuda-driver --enable-checking=release --build=x86_64-linux-gnu --host=x86_64-linux-gnu --target=x86_64-linux-gnu]
  ignore line: [Thread model: posix]
  ignore line: [gcc version 9.3.0 (Ubuntu 9.3.0-17ubuntu1~20.04) ]
  ignore line: [COMPILER_PATH=/usr/lib/gcc/x86_64-linux-gnu/9/:/usr/lib/gcc/x86_64-linux-gnu/9/:/usr/lib/gcc/x86_64-linux-gnu/:/usr/lib/gcc/x86_64-linux-gnu/9/:/usr/lib/gcc/x86_64-linux-gnu/]
  ignore line: [LIBRARY_PATH=/usr/lib/gcc/x86_64-linux-gnu/9/:/usr/lib/gcc/x86_64-linux-gnu/9/../../../x86_64-linux-gnu/:/usr/lib/gcc/x86_64-linux-gnu/9/../../../../lib/:/lib/x86_64-linux-gnu/:/lib/../lib/:/usr/lib/x86_64-linux-gnu/:/usr/lib/../lib/:/usr/lib/gcc/x86_64-linux-gnu/9/../../../:/lib/:/usr/lib/]
  ignore line: [COLLECT_GCC_OPTIONS='-v' '-o' 'cmTC_e1502' '-mtune=generic' '-march=x86-64']
  link line: [ /usr/lib/gcc/x86_64-linux-gnu/9/collect2 -plugin /usr/lib/gcc/x86_64-linux-gnu/9/liblto_plugin.so -plugin-opt=/usr/lib/gcc/x86_64-linux-gnu/9/lto-wrapper -plugin-opt=-fresolution=/tmp/ccWRnIZr.res -plugin-opt=-pass-through=-lgcc -plugin-opt=-pass-through=-lgcc_s -plugin-opt=-pass-through=-lc -plugin-opt=-pass-through=-lgcc -plugin-opt=-pass-through=-lgcc_s --build-id --eh-frame-hdr -m elf_x86_64 --hash-style=gnu --as-needed -dynamic-linker /lib64/ld-linux-x86-64.so.2 -pie -z now -z relro -o cmTC_e1502 /usr/lib/gcc/x86_64-linux-gnu/9/../../../x86_64-linux-gnu/Scrt1.o /usr/lib/gcc/x86_64-linux-gnu/9/../../../x86_64-linux-gnu/crti.o /usr/lib/gcc/x86_64-linux-gnu/9/crtbeginS.o -L/usr/lib/gcc/x86_64-linux-gnu/9 -L/usr/lib/gcc/x86_64-linux-gnu/9/../../../x86_64-linux-gnu -L/usr/lib/gcc/x86_64-linux-gnu/9/../../../../lib -L/lib/x86_64-linux-gnu -L/lib/../lib -L/usr/lib/x86_64-linux-gnu -L/usr/lib/../lib -L/usr/lib/gcc/x86_64-linux-gnu/9/../../.. CMakeFiles/cmTC_e1502.dir/CMakeCCompilerABI.c.o -lgcc --push-state --as-needed -lgcc_s --pop-state -lc -lgcc --push-state --as-needed -lgcc_s --pop-state /usr/lib/gcc/x86_64-linux-gnu/9/crtendS.o /usr/lib/gcc/x86_64-linux-gnu/9/../../../x86_64-linux-gnu/crtn.o]
    arg [/usr/lib/gcc/x86_64-linux-gnu/9/collect2] ==> ignore
    arg [-plugin] ==> ignore
    arg [/usr/lib/gcc/x86_64-linux-gnu/9/liblto_plugin.so] ==> ignore
    arg [-plugin-opt=/usr/lib/gcc/x86_64-linux-gnu/9/lto-wrapper] ==> ignore
    arg [-plugin-opt=-fresolution=/tmp/ccWRnIZr.res] ==> ignore
    arg [-plugin-opt=-pass-through=-lgcc] ==> ignore
    arg [-plugin-opt=-pass-through=-lgcc_s] ==> ignore
    arg [-plugin-opt=-pass-through=-lc] ==> ignore
    arg [-plugin-opt=-pass-through=-lgcc] ==> ignore
    arg [-plugin-opt=-pass-through=-lgcc_s] ==> ignore
    arg [--build-id] ==> ignore
    arg [--eh-frame-hdr] ==> ignore
    arg [-m] ==> ignore
    arg [elf_x86_64] ==> ignore
    arg [--hash-style=gnu] ==> ignore
    arg [--as-needed] ==> ignore
    arg [-dynamic-linker] ==> ignore
    arg [/lib64/ld-linux-x86-64.so.2] ==> ignore
    arg [-pie] ==> ignore
    arg [-znow] ==> ignore
    arg [-zrelro] ==> ignore
    arg [-o] ==> ignore
    arg [cmTC_e1502] ==> ignore
    arg [/usr/lib/gcc/x86_64-linux-gnu/9/../../../x86_64-linux-gnu/Scrt1.o] ==> ignore
    arg [/usr/lib/gcc/x86_64-linux-gnu/9/../../../x86_64-linux-gnu/crti.o] ==> ignore
    arg [/usr/lib/gcc/x86_64-linux-gnu/9/crtbeginS.o] ==> ignore
    arg [-L/usr/lib/gcc/x86_64-linux-gnu/9] ==> dir [/usr/lib/gcc/x86_64-linux-gnu/9]
    arg [-L/usr/lib/gcc/x86_64-linux-gnu/9/../../../x86_64-linux-gnu] ==> dir [/usr/lib/gcc/x86_64-linux-gnu/9/../../../x86_64-linux-gnu]
    arg [-L/usr/lib/gcc/x86_64-linux-gnu/9/../../../../lib] ==> dir [/usr/lib/gcc/x86_64-linux-gnu/9/../../../../lib]
    arg [-L/lib/x86_64-linux-gnu] ==> dir [/lib/x86_64-linux-gnu]
    arg [-L/lib/../lib] ==> dir [/lib/../lib]
    arg [-L/usr/lib/x86_64-linux-gnu] ==> dir [/usr/lib/x86_64-linux-gnu]
    arg [-L/usr/lib/../lib] ==> dir [/usr/lib/../lib]
    arg [-L/usr/lib/gcc/x86_64-linux-gnu/9/../../..] ==> dir [/usr/lib/gcc/x86_64-linux-gnu/9/../../..]
    arg [CMakeFiles/cmTC_e1502.dir/CMakeCCompilerABI.c.o] ==> ignore
    arg [-lgcc] ==> lib [gcc]
    arg [--push-state] ==> ignore
    arg [--as-needed] ==> ignore
    arg [-lgcc_s] ==> lib [gcc_s]
    arg [--pop-state] ==> ignore
    arg [-lc] ==> lib [c]
    arg [-lgcc] ==> lib [gcc]
    arg [--push-state] ==> ignore
    arg [--as-needed] ==> ignore
    arg [-lgcc_s] ==> lib [gcc_s]
    arg [--pop-state] ==> ignore
    arg [/usr/lib/gcc/x86_64-linux-gnu/9/crtendS.o] ==> ignore
    arg [/usr/lib/gcc/x86_64-linux-gnu/9/../../../x86_64-linux-gnu/crtn.o] ==> ignore
  collapse library dir [/usr/lib/gcc/x86_64-linux-gnu/9] ==> [/usr/lib/gcc/x86_64-linux-gnu/9]
  collapse library dir [/usr/lib/gcc/x86_64-linux-gnu/9/../../../x86_64-linux-gnu] ==> [/usr/lib/x86_64-linux-gnu]
  collapse library dir [/usr/lib/gcc/x86_64-linux-gnu/9/../../../../lib] ==> [/usr/lib]
  collapse library dir [/lib/x86_64-linux-gnu] ==> [/lib/x86_64-linux-gnu]
  collapse library dir [/lib/../lib] ==> [/lib]
  collapse library dir [/usr/lib/x86_64-linux-gnu] ==> [/usr/lib/x86_64-linux-gnu]
  collapse library dir [/usr/lib/../lib] ==> [/usr/lib]
  collapse library dir [/usr/lib/gcc/x86_64-linux-gnu/9/../../..] ==> [/usr/lib]
  implicit libs: [gcc;gcc_s;c;gcc;gcc_s]
  implicit dirs: [/usr/lib/gcc/x86_64-linux-gnu/9;/usr/lib/x86_64-linux-gnu;/usr/lib;/lib/x86_64-linux-gnu;/lib]
  implicit fwks: []


Determining if the CXX compiler works passed with the following output:
Change Dir: /home/shivaubuntu/CFU-playground/CFU-Playground/proj/proj_nn_1/build/renode/CMakeFiles/CMakeTmp

Run Build Command(s):/usr/bin/make cmTC_fbe72/fast && make[1]: Entering directory '/home/shivaubuntu/CFU-playground/CFU-Playground/proj/proj_nn_1/build/renode/CMakeFiles/CMakeTmp'
/usr/bin/make -f CMakeFiles/cmTC_fbe72.dir/build.make CMakeFiles/cmTC_fbe72.dir/build
make[2]: Entering directory '/home/shivaubuntu/CFU-playground/CFU-Playground/proj/proj_nn_1/build/renode/CMakeFiles/CMakeTmp'
Building CXX object CMakeFiles/cmTC_fbe72.dir/testCXXCompiler.cxx.o
/usr/bin/c++     -o CMakeFiles/cmTC_fbe72.dir/testCXXCompiler.cxx.o -c /home/shivaubuntu/CFU-playground/CFU-Playground/proj/proj_nn_1/build/renode/CMakeFiles/CMakeTmp/testCXXCompiler.cxx
Linking CXX executable cmTC_fbe72
/usr/bin/cmake -E cmake_link_script CMakeFiles/cmTC_fbe72.dir/link.txt --verbose=1
/usr/bin/c++       CMakeFiles/cmTC_fbe72.dir/testCXXCompiler.cxx.o  -o cmTC_fbe72 
make[2]: Leaving directory '/home/shivaubuntu/CFU-playground/CFU-Playground/proj/proj_nn_1/build/renode/CMakeFiles/CMakeTmp'
make[1]: Leaving directory '/home/shivaubuntu/CFU-playground/CFU-Playground/proj/proj_nn_1/build/renode/CMakeFiles/CMakeTmp'



Detecting CXX compiler ABI info compiled with the following output:
Change Dir: /home/shivaubuntu/CFU-playground/CFU-Playground/proj/proj_nn_1/build/renode/CMakeFiles/CMakeTmp

Run Build Command(s):/usr/bin/make cmTC_9c750/fast && make[1]: Entering directory '/home/shivaubuntu/CFU-playground/CFU-Playground/proj/proj_nn_1/build/renode/CMakeFiles/CMakeTmp'
/usr/bin/make -f CMakeFiles/cmTC_9c750.dir/build.make CMakeFiles/cmTC_9c750.dir/build
make[2]: Entering directory '/home/shivaubuntu/CFU-playground/CFU-Playground/proj/proj_nn_1/build/renode/CMakeFiles/CMakeTmp'
Building CXX object CMakeFiles/cmTC_9c750.dir/CMakeCXXCompilerABI.cpp.o
/usr/bin/c++    -v -o CMakeFiles/cmTC_9c750.dir/CMakeCXXCompilerABI.cpp.o -c /usr/share/cmake-3.16/Modules/CMakeCXXCompilerABI.cpp
Using built-in specs.
COLLECT_GCC=/usr/bin/c++
OFFLOAD_TARGET_NAMES=nvptx-none:hsa
OFFLOAD_TARGET_DEFAULT=1
Target: x86_64-linux-gnu
Configured with: ../src/configure -v --with-pkgversion='Ubuntu 9.3.0-17ubuntu1~20.04' --with-bugurl=file:///usr/share/doc/gcc-9/README.Bugs --enable-languages=c,ada,c++,go,brig,d,fortran,objc,obj-c++,gm2 --prefix=/usr --with-gcc-major-version-only --program-suffix=-9 --program-prefix=x86_64-linux-gnu- --enable-shared --enable-linker-build-id --libexecdir=/usr/lib --without-included-gettext --enable-threads=posix --libdir=/usr/lib --enable-nls --enable-clocale=gnu --enable-libstdcxx-debug --enable-libstdcxx-time=yes --with-default-libstdcxx-abi=new --enable-gnu-unique-object --disable-vtable-verify --enable-plugin --enable-default-pie --with-system-zlib --with-target-system-zlib=auto --enable-objc-gc=auto --enable-multiarch --disable-werror --with-arch-32=i686 --with-abi=m64 --with-multilib-list=m32,m64,mx32 --enable-multilib --with-tune=generic --enable-offload-targets=nvptx-none=/build/gcc-9-HskZEa/gcc-9-9.3.0/debian/tmp-nvptx/usr,hsa --without-cuda-driver --enable-checking=release --build=x86_64-linux-gnu --host=x86_64-linux-gnu --target=x86_64-linux-gnu
Thread model: posix
gcc version 9.3.0 (Ubuntu 9.3.0-17ubuntu1~20.04) 
COLLECT_GCC_OPTIONS='-v' '-o' 'CMakeFiles/cmTC_9c750.dir/CMakeCXXCompilerABI.cpp.o' '-c' '-shared-libgcc' '-mtune=generic' '-march=x86-64'
 /usr/lib/gcc/x86_64-linux-gnu/9/cc1plus -quiet -v -imultiarch x86_64-linux-gnu -D_GNU_SOURCE /usr/share/cmake-3.16/Modules/CMakeCXXCompilerABI.cpp -quiet -dumpbase CMakeCXXCompilerABI.cpp -mtune=generic -march=x86-64 -auxbase-strip CMakeFiles/cmTC_9c750.dir/CMakeCXXCompilerABI.cpp.o -version -fasynchronous-unwind-tables -fstack-protector-strong -Wformat -Wformat-security -fstack-clash-protection -fcf-protection -o /tmp/cc4wkd40.s
GNU C++14 (Ubuntu 9.3.0-17ubuntu1~20.04) version 9.3.0 (x86_64-linux-gnu)
	compiled by GNU C version 9.3.0, GMP version 6.2.0, MPFR version 4.0.2, MPC version 1.1.0, isl version isl-0.22.1-GMP

GGC heuristics: --param ggc-min-expand=100 --param ggc-min-heapsize=131072
ignoring duplicate directory "/usr/include/x86_64-linux-gnu/c++/9"
ignoring nonexistent directory "/usr/local/include/x86_64-linux-gnu"
ignoring nonexistent directory "/usr/lib/gcc/x86_64-linux-gnu/9/include-fixed"
ignoring nonexistent directory "/usr/lib/gcc/x86_64-linux-gnu/9/../../../../x86_64-linux-gnu/include"
#include "..." search starts here:
#include <...> search starts here:
 /usr/include/c++/9
 /usr/include/x86_64-linux-gnu/c++/9
 /usr/include/c++/9/backward
 /usr/lib/gcc/x86_64-linux-gnu/9/include
 /usr/local/include
 /usr/include/x86_64-linux-gnu
 /usr/include
End of search list.
GNU C++14 (Ubuntu 9.3.0-17ubuntu1~20.04) version 9.3.0 (x86_64-linux-gnu)
	compiled by GNU C version 9.3.0, GMP version 6.2.0, MPFR version 4.0.2, MPC version 1.1.0, isl version isl-0.22.1-GMP

GGC heuristics: --param ggc-min-expand=100 --param ggc-min-heapsize=131072
Compiler executable checksum: 466f818abe2f30ba03783f22bd12d815
COLLECT_GCC_OPTIONS='-v' '-o' 'CMakeFiles/cmTC_9c750.dir/CMakeCXXCompilerABI.cpp.o' '-c' '-shared-libgcc' '-mtune=generic' '-march=x86-64'
 as -v --64 -o CMakeFiles/cmTC_9c750.dir/CMakeCXXCompilerABI.cpp.o /tmp/cc4wkd40.s
GNU assembler version 2.34 (x86_64-linux-gnu) using BFD version (GNU Binutils for Ubuntu) 2.34
COMPILER_PATH=/usr/lib/gcc/x86_64-linux-gnu/9/:/usr/lib/gcc/x86_64-linux-gnu/9/:/usr/lib/gcc/x86_64-linux-gnu/:/usr/lib/gcc/x86_64-linux-gnu/9/:/usr/lib/gcc/x86_64-linux-gnu/
LIBRARY_PATH=/usr/lib/gcc/x86_64-linux-gnu/9/:/usr/lib/gcc/x86_64-linux-gnu/9/../../../x86_64-linux-gnu/:/usr/lib/gcc/x86_64-linux-gnu/9/../../../../lib/:/lib/x86_64-linux-gnu/:/lib/../lib/:/usr/lib/x86_64-linux-gnu/:/usr/lib/../lib/:/usr/lib/gcc/x86_64-linux-gnu/9/../../../:/lib/:/usr/lib/
COLLECT_GCC_OPTIONS='-v' '-o' 'CMakeFiles/cmTC_9c750.dir/CMakeCXXCompilerABI.cpp.o' '-c' '-shared-libgcc' '-mtune=generic' '-march=x86-64'
Linking CXX executable cmTC_9c750
/usr/bin/cmake -E cmake_link_script CMakeFiles/cmTC_9c750.dir/link.txt --verbose=1
/usr/bin/c++      -v CMakeFiles/cmTC_9c750.dir/CMakeCXXCompilerABI.cpp.o  -o cmTC_9c750 
Using built-in specs.
COLLECT_GCC=/usr/bin/c++
COLLECT_LTO_WRAPPER=/usr/lib/gcc/x86_64-linux-gnu/9/lto-wrapper
OFFLOAD_TARGET_NAMES=nvptx-none:hsa
OFFLOAD_TARGET_DEFAULT=1
Target: x86_64-linux-gnu
Configured with: ../src/configure -v --with-pkgversion='Ubuntu 9.3.0-17ubuntu1~20.04' --with-bugurl=file:///usr/share/doc/gcc-9/README.Bugs --enable-languages=c,ada,c++,go,brig,d,fortran,objc,obj-c++,gm2 --prefix=/usr --with-gcc-major-version-only --program-suffix=-9 --program-prefix=x86_64-linux-gnu- --enable-shared --enable-linker-build-id --libexecdir=/usr/lib --without-included-gettext --enable-threads=posix --libdir=/usr/lib --enable-nls --enable-clocale=gnu --enable-libstdcxx-debug --enable-libstdcxx-time=yes --with-default-libstdcxx-abi=new --enable-gnu-unique-object --disable-vtable-verify --enable-plugin --enable-default-pie --with-system-zlib --with-target-system-zlib=auto --enable-objc-gc=auto --enable-multiarch --disable-werror --with-arch-32=i686 --with-abi=m64 --with-multilib-list=m32,m64,mx32 --enable-multilib --with-tune=generic --enable-offload-targets=nvptx-none=/build/gcc-9-HskZEa/gcc-9-9.3.0/debian/tmp-nvptx/usr,hsa --without-cuda-driver --enable-checking=release --build=x86_64-linux-gnu --host=x86_64-linux-gnu --target=x86_64-linux-gnu
Thread model: posix
gcc version 9.3.0 (Ubuntu 9.3.0-17ubuntu1~20.04) 
COMPILER_PATH=/usr/lib/gcc/x86_64-linux-gnu/9/:/usr/lib/gcc/x86_64-linux-gnu/9/:/usr/lib/gcc/x86_64-linux-gnu/:/usr/lib/gcc/x86_64-linux-gnu/9/:/usr/lib/gcc/x86_64-linux-gnu/
LIBRARY_PATH=/usr/lib/gcc/x86_64-linux-gnu/9/:/usr/lib/gcc/x86_64-linux-gnu/9/../../../x86_64-linux-gnu/:/usr/lib/gcc/x86_64-linux-gnu/9/../../../../lib/:/lib/x86_64-linux-gnu/:/lib/../lib/:/usr/lib/x86_64-linux-gnu/:/usr/lib/../lib/:/usr/lib/gcc/x86_64-linux-gnu/9/../../../:/lib/:/usr/lib/
COLLECT_GCC_OPTIONS='-v' '-o' 'cmTC_9c750' '-shared-libgcc' '-mtune=generic' '-march=x86-64'
 /usr/lib/gcc/x86_64-linux-gnu/9/collect2 -plugin /usr/lib/gcc/x86_64-linux-gnu/9/liblto_plugin.so -plugin-opt=/usr/lib/gcc/x86_64-linux-gnu/9/lto-wrapper -plugin-opt=-fresolution=/tmp/ccCcg0Xq.res -plugin-opt=-pass-through=-lgcc_s -plugin-opt=-pass-through=-lgcc -plugin-opt=-pass-through=-lc -plugin-opt=-pass-through=-lgcc_s -plugin-opt=-pass-through=-lgcc --build-id --eh-frame-hdr -m elf_x86_64 --hash-style=gnu --as-needed -dynamic-linker /lib64/ld-linux-x86-64.so.2 -pie -z now -z relro -o cmTC_9c750 /usr/lib/gcc/x86_64-linux-gnu/9/../../../x86_64-linux-gnu/Scrt1.o /usr/lib/gcc/x86_64-linux-gnu/9/../../../x86_64-linux-gnu/crti.o /usr/lib/gcc/x86_64-linux-gnu/9/crtbeginS.o -L/usr/lib/gcc/x86_64-linux-gnu/9 -L/usr/lib/gcc/x86_64-linux-gnu/9/../../../x86_64-linux-gnu -L/usr/lib/gcc/x86_64-linux-gnu/9/../../../../lib -L/lib/x86_64-linux-gnu -L/lib/../lib -L/usr/lib/x86_64-linux-gnu -L/usr/lib/../lib -L/usr/lib/gcc/x86_64-linux-gnu/9/../../.. CMakeFiles/cmTC_9c750.dir/CMakeCXXCompilerABI.cpp.o -lstdc++ -lm -lgcc_s -lgcc -lc -lgcc_s -lgcc /usr/lib/gcc/x86_64-linux-gnu/9/crtendS.o /usr/lib/gcc/x86_64-linux-gnu/9/../../../x86_64-linux-gnu/crtn.o
COLLECT_GCC_OPTIONS='-v' '-o' 'cmTC_9c750' '-shared-libgcc' '-mtune=generic' '-march=x86-64'
make[2]: Leaving directory '/home/shivaubuntu/CFU-playground/CFU-Playground/proj/proj_nn_1/build/renode/CMakeFiles/CMakeTmp'
make[1]: Leaving directory '/home/shivaubuntu/CFU-playground/CFU-Playground/proj/proj_nn_1/build/renode/CMakeFiles/CMakeTmp'



Parsed CXX implicit include dir info from above output: rv=done
  found start of include info
  found start of implicit include info
    add: [/usr/include/c++/9]
    add: [/usr/include/x86_64-linux-gnu/c++/9]
    add: [/usr/include/c++/9/backward]
    add: [/usr/lib/gcc/x86_64-linux-gnu/9/include]
    add: [/usr/local/include]
    add: [/usr/include/x86_64-linux-gnu]
    add: [/usr/include]
  end of search list found
  collapse include dir [/usr/include/c++/9] ==> [/usr/include/c++/9]
  collapse include dir [/usr/include/x86_64-linux-gnu/c++/9] ==> [/usr/include/x86_64-linux-gnu/c++/9]
  collapse include dir [/usr/include/c++/9/backward] ==> [/usr/include/c++/9/backward]
  collapse include dir [/usr/lib/gcc/x86_64-linux-gnu/9/include] ==> [/usr/lib/gcc/x86_64-linux-gnu/9/include]
  collapse include dir [/usr/local/include] ==> [/usr/local/include]
  collapse include dir [/usr/include/x86_64-linux-gnu] ==> [/usr/include/x86_64-linux-gnu]
  collapse include dir [/usr/include] ==> [/usr/include]
  implicit include dirs: [/usr/include/c++/9;/usr/include/x86_64-linux-gnu/c++/9;/usr/include/c++/9/backward;/usr/lib/gcc/x86_64-linux-gnu/9/include;/usr/local/include;/usr/include/x86_64-linux-gnu;/usr/include]


Parsed CXX implicit link information from above output:
  link line regex: [^( *|.*[/\])(ld|CMAKE_LINK_STARTFILE-NOTFOUND|([^/\]+-)?ld|collect2)[^/\]*( |$)]
  ignore line: [Change Dir: /home/shivaubuntu/CFU-playground/CFU-Playground/proj/proj_nn_1/build/renode/CMakeFiles/CMakeTmp]
  ignore line: []
  ignore line: [Run Build Command(s):/usr/bin/make cmTC_9c750/fast && make[1]: Entering directory '/home/shivaubuntu/CFU-playground/CFU-Playground/proj/proj_nn_1/build/renode/CMakeFiles/CMakeTmp']
  ignore line: [/usr/bin/make -f CMakeFiles/cmTC_9c750.dir/build.make CMakeFiles/cmTC_9c750.dir/build]
  ignore line: [make[2]: Entering directory '/home/shivaubuntu/CFU-playground/CFU-Playground/proj/proj_nn_1/build/renode/CMakeFiles/CMakeTmp']
  ignore line: [Building CXX object CMakeFiles/cmTC_9c750.dir/CMakeCXXCompilerABI.cpp.o]
  ignore line: [/usr/bin/c++    -v -o CMakeFiles/cmTC_9c750.dir/CMakeCXXCompilerABI.cpp.o -c /usr/share/cmake-3.16/Modules/CMakeCXXCompilerABI.cpp]
  ignore line: [Using built-in specs.]
  ignore line: [COLLECT_GCC=/usr/bin/c++]
  ignore line: [OFFLOAD_TARGET_NAMES=nvptx-none:hsa]
  ignore line: [OFFLOAD_TARGET_DEFAULT=1]
  ignore line: [Target: x86_64-linux-gnu]
  ignore line: [Configured with: ../src/configure -v --with-pkgversion='Ubuntu 9.3.0-17ubuntu1~20.04' --with-bugurl=file:///usr/share/doc/gcc-9/README.Bugs --enable-languages=c ada c++ go brig d fortran objc obj-c++ gm2 --prefix=/usr --with-gcc-major-version-only --program-suffix=-9 --program-prefix=x86_64-linux-gnu- --enable-shared --enable-linker-build-id --libexecdir=/usr/lib --without-included-gettext --enable-threads=posix --libdir=/usr/lib --enable-nls --enable-clocale=gnu --enable-libstdcxx-debug --enable-libstdcxx-time=yes --with-default-libstdcxx-abi=new --enable-gnu-unique-object --disable-vtable-verify --enable-plugin --enable-default-pie --with-system-zlib --with-target-system-zlib=auto --enable-objc-gc=auto --enable-multiarch --disable-werror --with-arch-32=i686 --with-abi=m64 --with-multilib-list=m32 m64 mx32 --enable-multilib --with-tune=generic --enable-offload-targets=nvptx-none=/build/gcc-9-HskZEa/gcc-9-9.3.0/debian/tmp-nvptx/usr hsa --without-cuda-driver --enable-checking=release --build=x86_64-linux-gnu --host=x86_64-linux-gnu --target=x86_64-linux-gnu]
  ignore line: [Thread model: posix]
  ignore line: [gcc version 9.3.0 (Ubuntu 9.3.0-17ubuntu1~20.04) ]
  ignore line: [COLLECT_GCC_OPTIONS='-v' '-o' 'CMakeFiles/cmTC_9c750.dir/CMakeCXXCompilerABI.cpp.o' '-c' '-shared-libgcc' '-mtune=generic' '-march=x86-64']
  ignore line: [ /usr/lib/gcc/x86_64-linux-gnu/9/cc1plus -quiet -v -imultiarch x86_64-linux-gnu -D_GNU_SOURCE /usr/share/cmake-3.16/Modules/CMakeCXXCompilerABI.cpp -quiet -dumpbase CMakeCXXCompilerABI.cpp -mtune=generic -march=x86-64 -auxbase-strip CMakeFiles/cmTC_9c750.dir/CMakeCXXCompilerABI.cpp.o -version -fasynchronous-unwind-tables -fstack-protector-strong -Wformat -Wformat-security -fstack-clash-protection -fcf-protection -o /tmp/cc4wkd40.s]
  ignore line: [GNU C++14 (Ubuntu 9.3.0-17ubuntu1~20.04) version 9.3.0 (x86_64-linux-gnu)]
  ignore line: [	compiled by GNU C version 9.3.0  GMP version 6.2.0  MPFR version 4.0.2  MPC version 1.1.0  isl version isl-0.22.1-GMP]
  ignore line: []
  ignore line: [GGC heuristics: --param ggc-min-expand=100 --param ggc-min-heapsize=131072]
  ignore line: [ignoring duplicate directory "/usr/include/x86_64-linux-gnu/c++/9"]
  ignore line: [ignoring nonexistent directory "/usr/local/include/x86_64-linux-gnu"]
  ignore line: [ignoring nonexistent directory "/usr/lib/gcc/x86_64-linux-gnu/9/include-fixed"]
  ignore line: [ignoring nonexistent directory "/usr/lib/gcc/x86_64-linux-gnu/9/../../../../x86_64-linux-gnu/include"]
  ignore line: [#include "..." search starts here:]
  ignore line: [#include <...> search starts here:]
  ignore line: [ /usr/include/c++/9]
  ignore line: [ /usr/include/x86_64-linux-gnu/c++/9]
  ignore line: [ /usr/include/c++/9/backward]
  ignore line: [ /usr/lib/gcc/x86_64-linux-gnu/9/include]
  ignore line: [ /usr/local/include]
  ignore line: [ /usr/include/x86_64-linux-gnu]
  ignore line: [ /usr/include]
  ignore line: [End of search list.]
  ignore line: [GNU C++14 (Ubuntu 9.3.0-17ubuntu1~20.04) version 9.3.0 (x86_64-linux-gnu)]
  ignore line: [	compiled by GNU C version 9.3.0  GMP version 6.2.0  MPFR version 4.0.2  MPC version 1.1.0  isl version isl-0.22.1-GMP]
  ignore line: []
  ignore line: [GGC heuristics: --param ggc-min-expand=100 --param ggc-min-heapsize=131072]
  ignore line: [Compiler executable checksum: 466f818abe2f30ba03783f22bd12d815]
  ignore line: [COLLECT_GCC_OPTIONS='-v' '-o' 'CMakeFiles/cmTC_9c750.dir/CMakeCXXCompilerABI.cpp.o' '-c' '-shared-libgcc' '-mtune=generic' '-march=x86-64']
  ignore line: [ as -v --64 -o CMakeFiles/cmTC_9c750.dir/CMakeCXXCompilerABI.cpp.o /tmp/cc4wkd40.s]
  ignore line: [GNU assembler version 2.34 (x86_64-linux-gnu) using BFD version (GNU Binutils for Ubuntu) 2.34]
  ignore line: [COMPILER_PATH=/usr/lib/gcc/x86_64-linux-gnu/9/:/usr/lib/gcc/x86_64-linux-gnu/9/:/usr/lib/gcc/x86_64-linux-gnu/:/usr/lib/gcc/x86_64-linux-gnu/9/:/usr/lib/gcc/x86_64-linux-gnu/]
  ignore line: [LIBRARY_PATH=/usr/lib/gcc/x86_64-linux-gnu/9/:/usr/lib/gcc/x86_64-linux-gnu/9/../../../x86_64-linux-gnu/:/usr/lib/gcc/x86_64-linux-gnu/9/../../../../lib/:/lib/x86_64-linux-gnu/:/lib/../lib/:/usr/lib/x86_64-linux-gnu/:/usr/lib/../lib/:/usr/lib/gcc/x86_64-linux-gnu/9/../../../:/lib/:/usr/lib/]
  ignore line: [COLLECT_GCC_OPTIONS='-v' '-o' 'CMakeFiles/cmTC_9c750.dir/CMakeCXXCompilerABI.cpp.o' '-c' '-shared-libgcc' '-mtune=generic' '-march=x86-64']
  ignore line: [Linking CXX executable cmTC_9c750]
  ignore line: [/usr/bin/cmake -E cmake_link_script CMakeFiles/cmTC_9c750.dir/link.txt --verbose=1]
  ignore line: [/usr/bin/c++      -v CMakeFiles/cmTC_9c750.dir/CMakeCXXCompilerABI.cpp.o  -o cmTC_9c750 ]
  ignore line: [Using built-in specs.]
  ignore line: [COLLECT_GCC=/usr/bin/c++]
  ignore line: [COLLECT_LTO_WRAPPER=/usr/lib/gcc/x86_64-linux-gnu/9/lto-wrapper]
  ignore line: [OFFLOAD_TARGET_NAMES=nvptx-none:hsa]
  ignore line: [OFFLOAD_TARGET_DEFAULT=1]
  ignore line: [Target: x86_64-linux-gnu]
  ignore line: [Configured with: ../src/configure -v --with-pkgversion='Ubuntu 9.3.0-17ubuntu1~20.04' --with-bugurl=file:///usr/share/doc/gcc-9/README.Bugs --enable-languages=c ada c++ go brig d fortran objc obj-c++ gm2 --prefix=/usr --with-gcc-major-version-only --program-suffix=-9 --program-prefix=x86_64-linux-gnu- --enable-shared --enable-linker-build-id --libexecdir=/usr/lib --without-included-gettext --enable-threads=posix --libdir=/usr/lib --enable-nls --enable-clocale=gnu --enable-libstdcxx-debug --enable-libstdcxx-time=yes --with-default-libstdcxx-abi=new --enable-gnu-unique-object --disable-vtable-verify --enable-plugin --enable-default-pie --with-system-zlib --with-target-system-zlib=auto --enable-objc-gc=auto --enable-multiarch --disable-werror --with-arch-32=i686 --with-abi=m64 --with-multilib-list=m32 m64 mx32 --enable-multilib --with-tune=generic --enable-offload-targets=nvptx-none=/build/gcc-9-HskZEa/gcc-9-9.3.0/debian/tmp-nvptx/usr hsa --without-cuda-driver --enable-checking=release --build=x86_64-linux-gnu --host=x86_64-linux-gnu --target=x86_64-linux-gnu]
  ignore line: [Thread model: posix]
  ignore line: [gcc version 9.3.0 (Ubuntu 9.3.0-17ubuntu1~20.04) ]
  ignore line: [COMPILER_PATH=/usr/lib/gcc/x86_64-linux-gnu/9/:/usr/lib/gcc/x86_64-linux-gnu/9/:/usr/lib/gcc/x86_64-linux-gnu/:/usr/lib/gcc/x86_64-linux-gnu/9/:/usr/lib/gcc/x86_64-linux-gnu/]
  ignore line: [LIBRARY_PATH=/usr/lib/gcc/x86_64-linux-gnu/9/:/usr/lib/gcc/x86_64-linux-gnu/9/../../../x86_64-linux-gnu/:/usr/lib/gcc/x86_64-linux-gnu/9/../../../../lib/:/lib/x86_64-linux-gnu/:/lib/../lib/:/usr/lib/x86_64-linux-gnu/:/usr/lib/../lib/:/usr/lib/gcc/x86_64-linux-gnu/9/../../../:/lib/:/usr/lib/]
  ignore line: [COLLECT_GCC_OPTIONS='-v' '-o' 'cmTC_9c750' '-shared-libgcc' '-mtune=generic' '-march=x86-64']
  link line: [ /usr/lib/gcc/x86_64-linux-gnu/9/collect2 -plugin /usr/lib/gcc/x86_64-linux-gnu/9/liblto_plugin.so -plugin-opt=/usr/lib/gcc/x86_64-linux-gnu/9/lto-wrapper -plugin-opt=-fresolution=/tmp/ccCcg0Xq.res -plugin-opt=-pass-through=-lgcc_s -plugin-opt=-pass-through=-lgcc -plugin-opt=-pass-through=-lc -plugin-opt=-pass-through=-lgcc_s -plugin-opt=-pass-through=-lgcc --build-id --eh-frame-hdr -m elf_x86_64 --hash-style=gnu --as-needed -dynamic-linker /lib64/ld-linux-x86-64.so.2 -pie -z now -z relro -o cmTC_9c750 /usr/lib/gcc/x86_64-linux-gnu/9/../../../x86_64-linux-gnu/Scrt1.o /usr/lib/gcc/x86_64-linux-gnu/9/../../../x86_64-linux-gnu/crti.o /usr/lib/gcc/x86_64-linux-gnu/9/crtbeginS.o -L/usr/lib/gcc/x86_64-linux-gnu/9 -L/usr/lib/gcc/x86_64-linux-gnu/9/../../../x86_64-linux-gnu -L/usr/lib/gcc/x86_64-linux-gnu/9/../../../../lib -L/lib/x86_64-linux-gnu -L/lib/../lib -L/usr/lib/x86_64-linux-gnu -L/usr/lib/../lib -L/usr/lib/gcc/x86_64-linux-gnu/9/../../.. CMakeFiles/cmTC_9c750.dir/CMakeCXXCompilerABI.cpp.o -lstdc++ -lm -lgcc_s -lgcc -lc -lgcc_s -lgcc /usr/lib/gcc/x86_64-linux-gnu/9/crtendS.o /usr/lib/gcc/x86_64-linux-gnu/9/../../../x86_64-linux-gnu/crtn.o]
    arg [/usr/lib/gcc/x86_64-linux-gnu/9/collect2] ==> ignore
    arg [-plugin] ==> ignore
    arg [/usr/lib/gcc/x86_64-linux-gnu/9/liblto_plugin.so] ==> ignore
    arg [-plugin-opt=/usr/lib/gcc/x86_64-linux-gnu/9/lto-wrapper] ==> ignore
    arg [-plugin-opt=-fresolution=/tmp/ccCcg0Xq.res] ==> ignore
    arg [-plugin-opt=-pass-through=-lgcc_s] ==> ignore
    arg [-plugin-opt=-pass-through=-lgcc] ==> ignore
    arg [-plugin-opt=-pass-through=-lc] ==> ignore
    arg [-plugin-opt=-pass-through=-lgcc_s] ==> ignore
    arg [-plugin-opt=-pass-through=-lgcc] ==> ignore
    arg [--build-id] ==> ignore
    arg [--eh-frame-hdr] ==> ignore
    arg [-m] ==> ignore
    arg [elf_x86_64] ==> ignore
    arg [--hash-style=gnu] ==> ignore
    arg [--as-needed] ==> ignore
    arg [-dynamic-linker] ==> ignore
    arg [/lib64/ld-linux-x86-64.so.2] ==> ignore
    arg [-pie] ==> ignore
    arg [-znow] ==> ignore
    arg [-zrelro] ==> ignore
    arg [-o] ==> ignore
    arg [cmTC_9c750] ==> ignore
    arg [/usr/lib/gcc/x86_64-linux-gnu/9/../../../x86_64-linux-gnu/Scrt1.o] ==> ignore
    arg [/usr/lib/gcc/x86_64-linux-gnu/9/../../../x86_64-linux-gnu/crti.o] ==> ignore
    arg [/usr/lib/gcc/x86_64-linux-gnu/9/crtbeginS.o] ==> ignore
    arg [-L/usr/lib/gcc/x86_64-linux-gnu/9] ==> dir [/usr/lib/gcc/x86_64-linux-gnu/9]
    arg [-L/usr/lib/gcc/x86_64-linux-gnu/9/../../../x86_64-linux-gnu] ==> dir [/usr/lib/gcc/x86_64-linux-gnu/9/../../../x86_64-linux-gnu]
    arg [-L/usr/lib/gcc/x86_64-linux-gnu/9/../../../../lib] ==> dir [/usr/lib/gcc/x86_64-linux-gnu/9/../../../../lib]
    arg [-L/lib/x86_64-linux-gnu] ==> dir [/lib/x86_64-linux-gnu]
    arg [-L/lib/../lib] ==> dir [/lib/../lib]
    arg [-L/usr/lib/x86_64-linux-gnu] ==> dir [/usr/lib/x86_64-linux-gnu]
    arg [-L/usr/lib/../lib] ==> dir [/usr/lib/../lib]
    arg [-L/usr/lib/gcc/x86_64-linux-gnu/9/../../..] ==> dir [/usr/lib/gcc/x86_64-linux-gnu/9/../../..]
    arg [CMakeFiles/cmTC_9c750.dir/CMakeCXXCompilerABI.cpp.o] ==> ignore
    arg [-lstdc++] ==> lib [stdc++]
    arg [-lm] ==> lib [m]
    arg [-lgcc_s] ==> lib [gcc_s]
    arg [-lgcc] ==> lib [gcc]
    arg [-lc] ==> lib [c]
    arg [-lgcc_s] ==> lib [gcc_s]
    arg [-lgcc] ==> lib [gcc]
    arg [/usr/lib/gcc/x86_64-linux-gnu/9/crtendS.o] ==> ignore
    arg [/usr/lib/gcc/x86_64-linux-gnu/9/../../../x86_64-linux-gnu/crtn.o] ==> ignore
  collapse library dir [/usr/lib/gcc/x86_64-linux-gnu/9] ==> [/usr/lib/gcc/x86_64-linux-gnu/9]
  collapse library dir [/usr/lib/gcc/x86_64-linux-gnu/9/../../../x86_64-linux-gnu] ==> [/usr/lib/x86_64-linux-gnu]
  collapse library dir [/usr/lib/gcc/x86_64-linux-gnu/9/../../../../lib] ==> [/usr/lib]
  collapse library dir [/lib/x86_64-linux-gnu] ==> [/lib/x86_64-linux-gnu]
  collapse library dir [/lib/../lib] ==> [/lib]
  collapse library dir [/usr/lib/x86_64-linux-gnu] ==> [/usr/lib/x86_64-linux-gnu]
  collapse library dir [/usr/lib/../lib] ==> [/usr/lib]
  collapse library dir [/usr/lib/gcc/x86_64-linux-gnu/9/../../..] ==> [/usr/lib]
  implicit libs: [stdc++;m;gcc_s;gcc;c;gcc_s;gcc]
  implicit dirs: [/usr/lib/gcc/x86_64-linux-gnu/9;/usr/lib/x86_64-linux-gnu;/usr/lib;/lib/x86_64-linux-gnu;/lib]
  implicit fwks: []


Performing C++ SOURCE FILE Test _faligned_new succeeded with the following output:
Change Dir: /home/shivaubuntu/CFU-playground/CFU-Playground/proj/proj_nn_1/build/renode/CMakeFiles/CMakeTmp

Run Build Command(s):/usr/bin/make cmTC_489dc/fast && make[1]: Entering directory '/home/shivaubuntu/CFU-playground/CFU-Playground/proj/proj_nn_1/build/renode/CMakeFiles/CMakeTmp'
/usr/bin/make -f CMakeFiles/cmTC_489dc.dir/build.make CMakeFiles/cmTC_489dc.dir/build
make[2]: Entering directory '/home/shivaubuntu/CFU-playground/CFU-Playground/proj/proj_nn_1/build/renode/CMakeFiles/CMakeTmp'
Building CXX object CMakeFiles/cmTC_489dc.dir/src.cxx.o
/usr/bin/c++    -D_faligned_new   -faligned-new -o CMakeFiles/cmTC_489dc.dir/src.cxx.o -c /home/shivaubuntu/CFU-playground/CFU-Playground/proj/proj_nn_1/build/renode/CMakeFiles/CMakeTmp/src.cxx
Linking CXX executable cmTC_489dc
/usr/bin/cmake -E cmake_link_script CMakeFiles/cmTC_489dc.dir/link.txt --verbose=1
/usr/bin/c++   -D_faligned_new    CMakeFiles/cmTC_489dc.dir/src.cxx.o  -o cmTC_489dc 
make[2]: Leaving directory '/home/shivaubuntu/CFU-playground/CFU-Playground/proj/proj_nn_1/build/renode/CMakeFiles/CMakeTmp'
make[1]: Leaving directory '/home/shivaubuntu/CFU-playground/CFU-Playground/proj/proj_nn_1/build/renode/CMakeFiles/CMakeTmp'


Source file was:
int main() { return 0; }
Performing C++ SOURCE FILE Test _fcf_protection_none succeeded with the following output:
Change Dir: /home/shivaubuntu/CFU-playground/CFU-Playground/proj/proj_nn_1/build/renode/CMakeFiles/CMakeTmp

Run Build Command(s):/usr/bin/make cmTC_74bf7/fast && make[1]: Entering directory '/home/shivaubuntu/CFU-playground/CFU-Playground/proj/proj_nn_1/build/renode/CMakeFiles/CMakeTmp'
/usr/bin/make -f CMakeFiles/cmTC_74bf7.dir/build.make CMakeFiles/cmTC_74bf7.dir/build
make[2]: Entering directory '/home/shivaubuntu/CFU-playground/CFU-Playground/proj/proj_nn_1/build/renode/CMakeFiles/CMakeTmp'
Building CXX object CMakeFiles/cmTC_74bf7.dir/src.cxx.o
/usr/bin/c++    -D_fcf_protection_none   -fcf-protection=none -o CMakeFiles/cmTC_74bf7.dir/src.cxx.o -c /home/shivaubuntu/CFU-playground/CFU-Playground/proj/proj_nn_1/build/renode/CMakeFiles/CMakeTmp/src.cxx
Linking CXX executable cmTC_74bf7
/usr/bin/cmake -E cmake_link_script CMakeFiles/cmTC_74bf7.dir/link.txt --verbose=1
/usr/bin/c++   -D_fcf_protection_none    CMakeFiles/cmTC_74bf7.dir/src.cxx.o  -o cmTC_74bf7 
make[2]: Leaving directory '/home/shivaubuntu/CFU-playground/CFU-Playground/proj/proj_nn_1/build/renode/CMakeFiles/CMakeTmp'
make[1]: Leaving directory '/home/shivaubuntu/CFU-playground/CFU-Playground/proj/proj_nn_1/build/renode/CMakeFiles/CMakeTmp'


Source file was:
int main() { return 0; }
Performing C++ SOURCE FILE Test _Wno_bool_operation succeeded with the following output:
Change Dir: /home/shivaubuntu/CFU-playground/CFU-Playground/proj/proj_nn_1/build/renode/CMakeFiles/CMakeTmp

Run Build Command(s):/usr/bin/make cmTC_f7c76/fast && make[1]: Entering directory '/home/shivaubuntu/CFU-playground/CFU-Playground/proj/proj_nn_1/build/renode/CMakeFiles/CMakeTmp'
/usr/bin/make -f CMakeFiles/cmTC_f7c76.dir/build.make CMakeFiles/cmTC_f7c76.dir/build
make[2]: Entering directory '/home/shivaubuntu/CFU-playground/CFU-Playground/proj/proj_nn_1/build/renode/CMakeFiles/CMakeTmp'
Building CXX object CMakeFiles/cmTC_f7c76.dir/src.cxx.o
/usr/bin/c++    -D_Wno_bool_operation   -Wno-bool-operation -o CMakeFiles/cmTC_f7c76.dir/src.cxx.o -c /home/shivaubuntu/CFU-playground/CFU-Playground/proj/proj_nn_1/build/renode/CMakeFiles/CMakeTmp/src.cxx
Linking CXX executable cmTC_f7c76
/usr/bin/cmake -E cmake_link_script CMakeFiles/cmTC_f7c76.dir/link.txt --verbose=1
/usr/bin/c++   -D_Wno_bool_operation    CMakeFiles/cmTC_f7c76.dir/src.cxx.o  -o cmTC_f7c76 
make[2]: Leaving directory '/home/shivaubuntu/CFU-playground/CFU-Playground/proj/proj_nn_1/build/renode/CMakeFiles/CMakeTmp'
make[1]: Leaving directory '/home/shivaubuntu/CFU-playground/CFU-Playground/proj/proj_nn_1/build/renode/CMakeFiles/CMakeTmp'


Source file was:
int main() { return 0; }
Performing C++ SOURCE FILE Test _Wno_parentheses_equality succeeded with the following output:
Change Dir: /home/shivaubuntu/CFU-playground/CFU-Playground/proj/proj_nn_1/build/renode/CMakeFiles/CMakeTmp

Run Build Command(s):/usr/bin/make cmTC_72060/fast && make[1]: Entering directory '/home/shivaubuntu/CFU-playground/CFU-Playground/proj/proj_nn_1/build/renode/CMakeFiles/CMakeTmp'
/usr/bin/make -f CMakeFiles/cmTC_72060.dir/build.make CMakeFiles/cmTC_72060.dir/build
make[2]: Entering directory '/home/shivaubuntu/CFU-playground/CFU-Playground/proj/proj_nn_1/build/renode/CMakeFiles/CMakeTmp'
Building CXX object CMakeFiles/cmTC_72060.dir/src.cxx.o
/usr/bin/c++    -D_Wno_parentheses_equality   -Wno-parentheses-equality -o CMakeFiles/cmTC_72060.dir/src.cxx.o -c /home/shivaubuntu/CFU-playground/CFU-Playground/proj/proj_nn_1/build/renode/CMakeFiles/CMakeTmp/src.cxx
Linking CXX executable cmTC_72060
/usr/bin/cmake -E cmake_link_script CMakeFiles/cmTC_72060.dir/link.txt --verbose=1
/usr/bin/c++   -D_Wno_parentheses_equality    CMakeFiles/cmTC_72060.dir/src.cxx.o  -o cmTC_72060 
make[2]: Leaving directory '/home/shivaubuntu/CFU-playground/CFU-Playground/proj/proj_nn_1/build/renode/CMakeFiles/CMakeTmp'
make[1]: Leaving directory '/home/shivaubuntu/CFU-playground/CFU-Playground/proj/proj_nn_1/build/renode/CMakeFiles/CMakeTmp'


Source file was:
int main() { return 0; }
Performing C++ SOURCE FILE Test _Wno_sign_compare succeeded with the following output:
Change Dir: /home/shivaubuntu/CFU-playground/CFU-Playground/proj/proj_nn_1/build/renode/CMakeFiles/CMakeTmp

Run Build Command(s):/usr/bin/make cmTC_21879/fast && make[1]: Entering directory '/home/shivaubuntu/CFU-playground/CFU-Playground/proj/proj_nn_1/build/renode/CMakeFiles/CMakeTmp'
/usr/bin/make -f CMakeFiles/cmTC_21879.dir/build.make CMakeFiles/cmTC_21879.dir/build
make[2]: Entering directory '/home/shivaubuntu/CFU-playground/CFU-Playground/proj/proj_nn_1/build/renode/CMakeFiles/CMakeTmp'
Building CXX object CMakeFiles/cmTC_21879.dir/src.cxx.o
/usr/bin/c++    -D_Wno_sign_compare   -Wno-sign-compare -o CMakeFiles/cmTC_21879.dir/src.cxx.o -c /home/shivaubuntu/CFU-playground/CFU-Playground/proj/proj_nn_1/build/renode/CMakeFiles/CMakeTmp/src.cxx
Linking CXX executable cmTC_21879
/usr/bin/cmake -E cmake_link_script CMakeFiles/cmTC_21879.dir/link.txt --verbose=1
/usr/bin/c++   -D_Wno_sign_compare    CMakeFiles/cmTC_21879.dir/src.cxx.o  -o cmTC_21879 
make[2]: Leaving directory '/home/shivaubuntu/CFU-playground/CFU-Playground/proj/proj_nn_1/build/renode/CMakeFiles/CMakeTmp'
make[1]: Leaving directory '/home/shivaubuntu/CFU-playground/CFU-Playground/proj/proj_nn_1/build/renode/CMakeFiles/CMakeTmp'


Source file was:
int main() { return 0; }
Performing C++ SOURCE FILE Test _Wno_uninitialized succeeded with the following output:
Change Dir: /home/shivaubuntu/CFU-playground/CFU-Playground/proj/proj_nn_1/build/renode/CMakeFiles/CMakeTmp

Run Build Command(s):/usr/bin/make cmTC_c4576/fast && make[1]: Entering directory '/home/shivaubuntu/CFU-playground/CFU-Playground/proj/proj_nn_1/build/renode/CMakeFiles/CMakeTmp'
/usr/bin/make -f CMakeFiles/cmTC_c4576.dir/build.make CMakeFiles/cmTC_c4576.dir/build
make[2]: Entering directory '/home/shivaubuntu/CFU-playground/CFU-Playground/proj/proj_nn_1/build/renode/CMakeFiles/CMakeTmp'
Building CXX object CMakeFiles/cmTC_c4576.dir/src.cxx.o
/usr/bin/c++    -D_Wno_uninitialized   -Wno-uninitialized -o CMakeFiles/cmTC_c4576.dir/src.cxx.o -c /home/shivaubuntu/CFU-playground/CFU-Playground/proj/proj_nn_1/build/renode/CMakeFiles/CMakeTmp/src.cxx
Linking CXX executable cmTC_c4576
/usr/bin/cmake -E cmake_link_script CMakeFiles/cmTC_c4576.dir/link.txt --verbose=1
/usr/bin/c++   -D_Wno_uninitialized    CMakeFiles/cmTC_c4576.dir/src.cxx.o  -o cmTC_c4576 
make[2]: Leaving directory '/home/shivaubuntu/CFU-playground/CFU-Playground/proj/proj_nn_1/build/renode/CMakeFiles/CMakeTmp'
make[1]: Leaving directory '/home/shivaubuntu/CFU-playground/CFU-Playground/proj/proj_nn_1/build/renode/CMakeFiles/CMakeTmp'


Source file was:
int main() { return 0; }
Performing C++ SOURCE FILE Test _Wno_unused_but_set_variable succeeded with the following output:
Change Dir: /home/shivaubuntu/CFU-playground/CFU-Playground/proj/proj_nn_1/build/renode/CMakeFiles/CMakeTmp

Run Build Command(s):/usr/bin/make cmTC_29012/fast && make[1]: Entering directory '/home/shivaubuntu/CFU-playground/CFU-Playground/proj/proj_nn_1/build/renode/CMakeFiles/CMakeTmp'
/usr/bin/make -f CMakeFiles/cmTC_29012.dir/build.make CMakeFiles/cmTC_29012.dir/build
make[2]: Entering directory '/home/shivaubuntu/CFU-playground/CFU-Playground/proj/proj_nn_1/build/renode/CMakeFiles/CMakeTmp'
Building CXX object CMakeFiles/cmTC_29012.dir/src.cxx.o
/usr/bin/c++    -D_Wno_unused_but_set_variable   -Wno-unused-but-set-variable -o CMakeFiles/cmTC_29012.dir/src.cxx.o -c /home/shivaubuntu/CFU-playground/CFU-Playground/proj/proj_nn_1/build/renode/CMakeFiles/CMakeTmp/src.cxx
Linking CXX executable cmTC_29012
/usr/bin/cmake -E cmake_link_script CMakeFiles/cmTC_29012.dir/link.txt --verbose=1
/usr/bin/c++   -D_Wno_unused_but_set_variable    CMakeFiles/cmTC_29012.dir/src.cxx.o  -o cmTC_29012 
make[2]: Leaving directory '/home/shivaubuntu/CFU-playground/CFU-Playground/proj/proj_nn_1/build/renode/CMakeFiles/CMakeTmp'
make[1]: Leaving directory '/home/shivaubuntu/CFU-playground/CFU-Playground/proj/proj_nn_1/build/renode/CMakeFiles/CMakeTmp'


Source file was:
int main() { return 0; }
Performing C++ SOURCE FILE Test _Wno_unused_parameter succeeded with the following output:
Change Dir: /home/shivaubuntu/CFU-playground/CFU-Playground/proj/proj_nn_1/build/renode/CMakeFiles/CMakeTmp

Run Build Command(s):/usr/bin/make cmTC_69172/fast && make[1]: Entering directory '/home/shivaubuntu/CFU-playground/CFU-Playground/proj/proj_nn_1/build/renode/CMakeFiles/CMakeTmp'
/usr/bin/make -f CMakeFiles/cmTC_69172.dir/build.make CMakeFiles/cmTC_69172.dir/build
make[2]: Entering directory '/home/shivaubuntu/CFU-playground/CFU-Playground/proj/proj_nn_1/build/renode/CMakeFiles/CMakeTmp'
Building CXX object CMakeFiles/cmTC_69172.dir/src.cxx.o
/usr/bin/c++    -D_Wno_unused_parameter   -Wno-unused-parameter -o CMakeFiles/cmTC_69172.dir/src.cxx.o -c /home/shivaubuntu/CFU-playground/CFU-Playground/proj/proj_nn_1/build/renode/CMakeFiles/CMakeTmp/src.cxx
Linking CXX executable cmTC_69172
/usr/bin/cmake -E cmake_link_script CMakeFiles/cmTC_69172.dir/link.txt --verbose=1
/usr/bin/c++   -D_Wno_unused_parameter    CMakeFiles/cmTC_69172.dir/src.cxx.o  -o cmTC_69172 
make[2]: Leaving directory '/home/shivaubuntu/CFU-playground/CFU-Playground/proj/proj_nn_1/build/renode/CMakeFiles/CMakeTmp'
make[1]: Leaving directory '/home/shivaubuntu/CFU-playground/CFU-Playground/proj/proj_nn_1/build/renode/CMakeFiles/CMakeTmp'


Source file was:
int main() { return 0; }
Performing C++ SOURCE FILE Test _Wno_unused_variable succeeded with the following output:
Change Dir: /home/shivaubuntu/CFU-playground/CFU-Playground/proj/proj_nn_1/build/renode/CMakeFiles/CMakeTmp

Run Build Command(s):/usr/bin/make cmTC_e32bd/fast && make[1]: Entering directory '/home/shivaubuntu/CFU-playground/CFU-Playground/proj/proj_nn_1/build/renode/CMakeFiles/CMakeTmp'
/usr/bin/make -f CMakeFiles/cmTC_e32bd.dir/build.make CMakeFiles/cmTC_e32bd.dir/build
make[2]: Entering directory '/home/shivaubuntu/CFU-playground/CFU-Playground/proj/proj_nn_1/build/renode/CMakeFiles/CMakeTmp'
Building CXX object CMakeFiles/cmTC_e32bd.dir/src.cxx.o
/usr/bin/c++    -D_Wno_unused_variable   -Wno-unused-variable -o CMakeFiles/cmTC_e32bd.dir/src.cxx.o -c /home/shivaubuntu/CFU-playground/CFU-Playground/proj/proj_nn_1/build/renode/CMakeFiles/CMakeTmp/src.cxx
Linking CXX executable cmTC_e32bd
/usr/bin/cmake -E cmake_link_script CMakeFiles/cmTC_e32bd.dir/link.txt --verbose=1
/usr/bin/c++   -D_Wno_unused_variable    CMakeFiles/cmTC_e32bd.dir/src.cxx.o  -o cmTC_e32bd 
make[2]: Leaving directory '/home/shivaubuntu/CFU-playground/CFU-Playground/proj/proj_nn_1/build/renode/CMakeFiles/CMakeTmp'
make[1]: Leaving directory '/home/shivaubuntu/CFU-playground/CFU-Playground/proj/proj_nn_1/build/renode/CMakeFiles/CMakeTmp'


Source file was:
int main() { return 0; }
Performing C++ SOURCE FILE Test _Wno_shadow succeeded with the following output:
Change Dir: /home/shivaubuntu/CFU-playground/CFU-Playground/proj/proj_nn_1/build/renode/CMakeFiles/CMakeTmp

Run Build Command(s):/usr/bin/make cmTC_586f6/fast && make[1]: Entering directory '/home/shivaubuntu/CFU-playground/CFU-Playground/proj/proj_nn_1/build/renode/CMakeFiles/CMakeTmp'
/usr/bin/make -f CMakeFiles/cmTC_586f6.dir/build.make CMakeFiles/cmTC_586f6.dir/build
make[2]: Entering directory '/home/shivaubuntu/CFU-playground/CFU-Playground/proj/proj_nn_1/build/renode/CMakeFiles/CMakeTmp'
Building CXX object CMakeFiles/cmTC_586f6.dir/src.cxx.o
/usr/bin/c++    -D_Wno_shadow   -Wno-shadow -o CMakeFiles/cmTC_586f6.dir/src.cxx.o -c /home/shivaubuntu/CFU-playground/CFU-Playground/proj/proj_nn_1/build/renode/CMakeFiles/CMakeTmp/src.cxx
Linking CXX executable cmTC_586f6
/usr/bin/cmake -E cmake_link_script CMakeFiles/cmTC_586f6.dir/link.txt --verbose=1
/usr/bin/c++   -D_Wno_shadow    CMakeFiles/cmTC_586f6.dir/src.cxx.o  -o cmTC_586f6 
make[2]: Leaving directory '/home/shivaubuntu/CFU-playground/CFU-Playground/proj/proj_nn_1/build/renode/CMakeFiles/CMakeTmp'
make[1]: Leaving directory '/home/shivaubuntu/CFU-playground/CFU-Playground/proj/proj_nn_1/build/renode/CMakeFiles/CMakeTmp'


Source file was:
int main() { return 0; }
Performing C++ SOURCE FILE Test _pthread succeeded with the following output:
Change Dir: /home/shivaubuntu/CFU-playground/CFU-Playground/proj/proj_nn_1/build/renode/CMakeFiles/CMakeTmp

Run Build Command(s):/usr/bin/make cmTC_9b29f/fast && make[1]: Entering directory '/home/shivaubuntu/CFU-playground/CFU-Playground/proj/proj_nn_1/build/renode/CMakeFiles/CMakeTmp'
/usr/bin/make -f CMakeFiles/cmTC_9b29f.dir/build.make CMakeFiles/cmTC_9b29f.dir/build
make[2]: Entering directory '/home/shivaubuntu/CFU-playground/CFU-Playground/proj/proj_nn_1/build/renode/CMakeFiles/CMakeTmp'
Building CXX object CMakeFiles/cmTC_9b29f.dir/src.cxx.o
/usr/bin/c++    -D_pthread   -o CMakeFiles/cmTC_9b29f.dir/src.cxx.o -c /home/shivaubuntu/CFU-playground/CFU-Playground/proj/proj_nn_1/build/renode/CMakeFiles/CMakeTmp/src.cxx
Linking CXX executable cmTC_9b29f
/usr/bin/cmake -E cmake_link_script CMakeFiles/cmTC_9b29f.dir/link.txt --verbose=1
/usr/bin/c++   -D_pthread    CMakeFiles/cmTC_9b29f.dir/src.cxx.o  -o cmTC_9b29f  -pthread 
make[2]: Leaving directory '/home/shivaubuntu/CFU-playground/CFU-Playground/proj/proj_nn_1/build/renode/CMakeFiles/CMakeTmp'
make[1]: Leaving directory '/home/shivaubuntu/CFU-playground/CFU-Playground/proj/proj_nn_1/build/renode/CMakeFiles/CMakeTmp'


Source file was:
int main() {return 0;}

Performing C++ SOURCE FILE Test _lpthread succeeded with the following output:
Change Dir: /home/shivaubuntu/CFU-playground/CFU-Playground/proj/proj_nn_1/build/renode/CMakeFiles/CMakeTmp

Run Build Command(s):/usr/bin/make cmTC_124a5/fast && make[1]: Entering directory '/home/shivaubuntu/CFU-playground/CFU-Playground/proj/proj_nn_1/build/renode/CMakeFiles/CMakeTmp'
/usr/bin/make -f CMakeFiles/cmTC_124a5.dir/build.make CMakeFiles/cmTC_124a5.dir/build
make[2]: Entering directory '/home/shivaubuntu/CFU-playground/CFU-Playground/proj/proj_nn_1/build/renode/CMakeFiles/CMakeTmp'
Building CXX object CMakeFiles/cmTC_124a5.dir/src.cxx.o
/usr/bin/c++    -D_lpthread   -o CMakeFiles/cmTC_124a5.dir/src.cxx.o -c /home/shivaubuntu/CFU-playground/CFU-Playground/proj/proj_nn_1/build/renode/CMakeFiles/CMakeTmp/src.cxx
Linking CXX executable cmTC_124a5
/usr/bin/cmake -E cmake_link_script CMakeFiles/cmTC_124a5.dir/link.txt --verbose=1
/usr/bin/c++   -D_lpthread    CMakeFiles/cmTC_124a5.dir/src.cxx.o  -o cmTC_124a5  -lpthread 
make[2]: Leaving directory '/home/shivaubuntu/CFU-playground/CFU-Playground/proj/proj_nn_1/build/renode/CMakeFiles/CMakeTmp'
make[1]: Leaving directory '/home/shivaubuntu/CFU-playground/CFU-Playground/proj/proj_nn_1/build/renode/CMakeFiles/CMakeTmp'


Source file was:
int main() {return 0;}

Performing C++ SOURCE FILE Test _latomic succeeded with the following output:
Change Dir: /home/shivaubuntu/CFU-playground/CFU-Playground/proj/proj_nn_1/build/renode/CMakeFiles/CMakeTmp

Run Build Command(s):/usr/bin/make cmTC_b3e31/fast && make[1]: Entering directory '/home/shivaubuntu/CFU-playground/CFU-Playground/proj/proj_nn_1/build/renode/CMakeFiles/CMakeTmp'
/usr/bin/make -f CMakeFiles/cmTC_b3e31.dir/build.make CMakeFiles/cmTC_b3e31.dir/build
make[2]: Entering directory '/home/shivaubuntu/CFU-playground/CFU-Playground/proj/proj_nn_1/build/renode/CMakeFiles/CMakeTmp'
Building CXX object CMakeFiles/cmTC_b3e31.dir/src.cxx.o
/usr/bin/c++    -D_latomic   -o CMakeFiles/cmTC_b3e31.dir/src.cxx.o -c /home/shivaubuntu/CFU-playground/CFU-Playground/proj/proj_nn_1/build/renode/CMakeFiles/CMakeTmp/src.cxx
Linking CXX executable cmTC_b3e31
/usr/bin/cmake -E cmake_link_script CMakeFiles/cmTC_b3e31.dir/link.txt --verbose=1
/usr/bin/c++   -D_latomic    CMakeFiles/cmTC_b3e31.dir/src.cxx.o  -o cmTC_b3e31  -latomic 
make[2]: Leaving directory '/home/shivaubuntu/CFU-playground/CFU-Playground/proj/proj_nn_1/build/renode/CMakeFiles/CMakeTmp'
make[1]: Leaving directory '/home/shivaubuntu/CFU-playground/CFU-Playground/proj/proj_nn_1/build/renode/CMakeFiles/CMakeTmp'


Source file was:
int main() {return 0;}

