Performing C++ SOURCE FILE Test _fbracket_depth_4096 failed with the following output:
Change Dir: /home/shivaubuntu/CFU-playground/CFU-Playground/proj/proj_custom/build/renode/CMakeFiles/CMakeTmp

Run Build Command(s):/usr/bin/make cmTC_1adc6/fast && make[1]: Entering directory '/home/shivaubuntu/CFU-playground/CFU-Playground/proj/proj_custom/build/renode/CMakeFiles/CMakeTmp'
/usr/bin/make -f CMakeFiles/cmTC_1adc6.dir/build.make CMakeFiles/cmTC_1adc6.dir/build
make[2]: Entering directory '/home/shivaubuntu/CFU-playground/CFU-Playground/proj/proj_custom/build/renode/CMakeFiles/CMakeTmp'
Building CXX object CMakeFiles/cmTC_1adc6.dir/src.cxx.o
/usr/bin/c++    -D_fbracket_depth_4096   -fbracket-depth=4096 -o CMakeFiles/cmTC_1adc6.dir/src.cxx.o -c /home/shivaubuntu/CFU-playground/CFU-Playground/proj/proj_custom/build/renode/CMakeFiles/CMakeTmp/src.cxx
c++: error: unrecognized command line option '-fbracket-depth=4096'
make[2]: *** [CMakeFiles/cmTC_1adc6.dir/build.make:66: CMakeFiles/cmTC_1adc6.dir/src.cxx.o] Error 1
make[2]: Leaving directory '/home/shivaubuntu/CFU-playground/CFU-Playground/proj/proj_custom/build/renode/CMakeFiles/CMakeTmp'
make[1]: *** [Makefile:121: cmTC_1adc6/fast] Error 2
make[1]: Leaving directory '/home/shivaubuntu/CFU-playground/CFU-Playground/proj/proj_custom/build/renode/CMakeFiles/CMakeTmp'


Source file was:
int main() { return 0; }
Performing C++ SOURCE FILE Test _mno_cet failed with the following output:
Change Dir: /home/shivaubuntu/CFU-playground/CFU-Playground/proj/proj_custom/build/renode/CMakeFiles/CMakeTmp

Run Build Command(s):/usr/bin/make cmTC_4f138/fast && make[1]: Entering directory '/home/shivaubuntu/CFU-playground/CFU-Playground/proj/proj_custom/build/renode/CMakeFiles/CMakeTmp'
/usr/bin/make -f CMakeFiles/cmTC_4f138.dir/build.make CMakeFiles/cmTC_4f138.dir/build
make[2]: Entering directory '/home/shivaubuntu/CFU-playground/CFU-Playground/proj/proj_custom/build/renode/CMakeFiles/CMakeTmp'
Building CXX object CMakeFiles/cmTC_4f138.dir/src.cxx.o
/usr/bin/c++    -D_mno_cet   -mno-cet -o CMakeFiles/cmTC_4f138.dir/src.cxx.o -c /home/shivaubuntu/CFU-playground/CFU-Playground/proj/proj_custom/build/renode/CMakeFiles/CMakeTmp/src.cxx
c++: error: unrecognized command line option '-mno-cet'; did you mean '-mno-aes'?
make[2]: *** [CMakeFiles/cmTC_4f138.dir/build.make:66: CMakeFiles/cmTC_4f138.dir/src.cxx.o] Error 1
make[2]: Leaving directory '/home/shivaubuntu/CFU-playground/CFU-Playground/proj/proj_custom/build/renode/CMakeFiles/CMakeTmp'
make[1]: *** [Makefile:121: cmTC_4f138/fast] Error 2
make[1]: Leaving directory '/home/shivaubuntu/CFU-playground/CFU-Playground/proj/proj_custom/build/renode/CMakeFiles/CMakeTmp'


Source file was:
int main() { return 0; }
Performing C++ SOURCE FILE Test _Qunused_arguments failed with the following output:
Change Dir: /home/shivaubuntu/CFU-playground/CFU-Playground/proj/proj_custom/build/renode/CMakeFiles/CMakeTmp

Run Build Command(s):/usr/bin/make cmTC_30c76/fast && make[1]: Entering directory '/home/shivaubuntu/CFU-playground/CFU-Playground/proj/proj_custom/build/renode/CMakeFiles/CMakeTmp'
/usr/bin/make -f CMakeFiles/cmTC_30c76.dir/build.make CMakeFiles/cmTC_30c76.dir/build
make[2]: Entering directory '/home/shivaubuntu/CFU-playground/CFU-Playground/proj/proj_custom/build/renode/CMakeFiles/CMakeTmp'
Building CXX object CMakeFiles/cmTC_30c76.dir/src.cxx.o
/usr/bin/c++    -D_Qunused_arguments   -Qunused-arguments -o CMakeFiles/cmTC_30c76.dir/src.cxx.o -c /home/shivaubuntu/CFU-playground/CFU-Playground/proj/proj_custom/build/renode/CMakeFiles/CMakeTmp/src.cxx
c++: error: unrecognized command line option '-Qunused-arguments'
make[2]: *** [CMakeFiles/cmTC_30c76.dir/build.make:66: CMakeFiles/cmTC_30c76.dir/src.cxx.o] Error 1
make[2]: Leaving directory '/home/shivaubuntu/CFU-playground/CFU-Playground/proj/proj_custom/build/renode/CMakeFiles/CMakeTmp'
make[1]: *** [Makefile:121: cmTC_30c76/fast] Error 2
make[1]: Leaving directory '/home/shivaubuntu/CFU-playground/CFU-Playground/proj/proj_custom/build/renode/CMakeFiles/CMakeTmp'


Source file was:
int main() { return 0; }
Performing C++ SOURCE FILE Test _mt failed with the following output:
Change Dir: /home/shivaubuntu/CFU-playground/CFU-Playground/proj/proj_custom/build/renode/CMakeFiles/CMakeTmp

Run Build Command(s):/usr/bin/make cmTC_008d2/fast && make[1]: Entering directory '/home/shivaubuntu/CFU-playground/CFU-Playground/proj/proj_custom/build/renode/CMakeFiles/CMakeTmp'
/usr/bin/make -f CMakeFiles/cmTC_008d2.dir/build.make CMakeFiles/cmTC_008d2.dir/build
make[2]: Entering directory '/home/shivaubuntu/CFU-playground/CFU-Playground/proj/proj_custom/build/renode/CMakeFiles/CMakeTmp'
Building CXX object CMakeFiles/cmTC_008d2.dir/src.cxx.o
/usr/bin/c++    -D_mt   -o CMakeFiles/cmTC_008d2.dir/src.cxx.o -c /home/shivaubuntu/CFU-playground/CFU-Playground/proj/proj_custom/build/renode/CMakeFiles/CMakeTmp/src.cxx
Linking CXX executable cmTC_008d2
/usr/bin/cmake -E cmake_link_script CMakeFiles/cmTC_008d2.dir/link.txt --verbose=1
/usr/bin/c++   -D_mt    CMakeFiles/cmTC_008d2.dir/src.cxx.o  -o cmTC_008d2  -mt 
c++: error: unrecognized command line option ‘-mt’; did you mean ‘-t’?
make[2]: *** [CMakeFiles/cmTC_008d2.dir/build.make:87: cmTC_008d2] Error 1
make[2]: Leaving directory '/home/shivaubuntu/CFU-playground/CFU-Playground/proj/proj_custom/build/renode/CMakeFiles/CMakeTmp'
make[1]: *** [Makefile:121: cmTC_008d2/fast] Error 2
make[1]: Leaving directory '/home/shivaubuntu/CFU-playground/CFU-Playground/proj/proj_custom/build/renode/CMakeFiles/CMakeTmp'


Source file was:
int main() {return 0;}

