Performing C++ SOURCE FILE Test _fbracket_depth_4096 failed with the following output:
Change Dir: /home/shivaubuntu/CFU-playground/CFU-Playground/proj/kws_micro_accel/build/renode/CMakeFiles/CMakeTmp

Run Build Command(s):/usr/bin/make cmTC_9fe4a/fast && make[1]: Entering directory '/home/shivaubuntu/CFU-playground/CFU-Playground/proj/kws_micro_accel/build/renode/CMakeFiles/CMakeTmp'
/usr/bin/make -f CMakeFiles/cmTC_9fe4a.dir/build.make CMakeFiles/cmTC_9fe4a.dir/build
make[2]: Entering directory '/home/shivaubuntu/CFU-playground/CFU-Playground/proj/kws_micro_accel/build/renode/CMakeFiles/CMakeTmp'
Building CXX object CMakeFiles/cmTC_9fe4a.dir/src.cxx.o
/usr/bin/c++    -D_fbracket_depth_4096   -fbracket-depth=4096 -o CMakeFiles/cmTC_9fe4a.dir/src.cxx.o -c /home/shivaubuntu/CFU-playground/CFU-Playground/proj/kws_micro_accel/build/renode/CMakeFiles/CMakeTmp/src.cxx
c++: error: unrecognized command line option '-fbracket-depth=4096'
make[2]: *** [CMakeFiles/cmTC_9fe4a.dir/build.make:66: CMakeFiles/cmTC_9fe4a.dir/src.cxx.o] Error 1
make[2]: Leaving directory '/home/shivaubuntu/CFU-playground/CFU-Playground/proj/kws_micro_accel/build/renode/CMakeFiles/CMakeTmp'
make[1]: *** [Makefile:121: cmTC_9fe4a/fast] Error 2
make[1]: Leaving directory '/home/shivaubuntu/CFU-playground/CFU-Playground/proj/kws_micro_accel/build/renode/CMakeFiles/CMakeTmp'


Source file was:
int main() { return 0; }
Performing C++ SOURCE FILE Test _mno_cet failed with the following output:
Change Dir: /home/shivaubuntu/CFU-playground/CFU-Playground/proj/kws_micro_accel/build/renode/CMakeFiles/CMakeTmp

Run Build Command(s):/usr/bin/make cmTC_1ea5e/fast && make[1]: Entering directory '/home/shivaubuntu/CFU-playground/CFU-Playground/proj/kws_micro_accel/build/renode/CMakeFiles/CMakeTmp'
/usr/bin/make -f CMakeFiles/cmTC_1ea5e.dir/build.make CMakeFiles/cmTC_1ea5e.dir/build
make[2]: Entering directory '/home/shivaubuntu/CFU-playground/CFU-Playground/proj/kws_micro_accel/build/renode/CMakeFiles/CMakeTmp'
Building CXX object CMakeFiles/cmTC_1ea5e.dir/src.cxx.o
/usr/bin/c++    -D_mno_cet   -mno-cet -o CMakeFiles/cmTC_1ea5e.dir/src.cxx.o -c /home/shivaubuntu/CFU-playground/CFU-Playground/proj/kws_micro_accel/build/renode/CMakeFiles/CMakeTmp/src.cxx
c++: error: unrecognized command line option '-mno-cet'; did you mean '-mno-aes'?
make[2]: *** [CMakeFiles/cmTC_1ea5e.dir/build.make:66: CMakeFiles/cmTC_1ea5e.dir/src.cxx.o] Error 1
make[2]: Leaving directory '/home/shivaubuntu/CFU-playground/CFU-Playground/proj/kws_micro_accel/build/renode/CMakeFiles/CMakeTmp'
make[1]: *** [Makefile:121: cmTC_1ea5e/fast] Error 2
make[1]: Leaving directory '/home/shivaubuntu/CFU-playground/CFU-Playground/proj/kws_micro_accel/build/renode/CMakeFiles/CMakeTmp'


Source file was:
int main() { return 0; }
Performing C++ SOURCE FILE Test _Qunused_arguments failed with the following output:
Change Dir: /home/shivaubuntu/CFU-playground/CFU-Playground/proj/kws_micro_accel/build/renode/CMakeFiles/CMakeTmp

Run Build Command(s):/usr/bin/make cmTC_44e5c/fast && make[1]: Entering directory '/home/shivaubuntu/CFU-playground/CFU-Playground/proj/kws_micro_accel/build/renode/CMakeFiles/CMakeTmp'
/usr/bin/make -f CMakeFiles/cmTC_44e5c.dir/build.make CMakeFiles/cmTC_44e5c.dir/build
make[2]: Entering directory '/home/shivaubuntu/CFU-playground/CFU-Playground/proj/kws_micro_accel/build/renode/CMakeFiles/CMakeTmp'
Building CXX object CMakeFiles/cmTC_44e5c.dir/src.cxx.o
/usr/bin/c++    -D_Qunused_arguments   -Qunused-arguments -o CMakeFiles/cmTC_44e5c.dir/src.cxx.o -c /home/shivaubuntu/CFU-playground/CFU-Playground/proj/kws_micro_accel/build/renode/CMakeFiles/CMakeTmp/src.cxx
c++: error: unrecognized command line option '-Qunused-arguments'
make[2]: *** [CMakeFiles/cmTC_44e5c.dir/build.make:66: CMakeFiles/cmTC_44e5c.dir/src.cxx.o] Error 1
make[2]: Leaving directory '/home/shivaubuntu/CFU-playground/CFU-Playground/proj/kws_micro_accel/build/renode/CMakeFiles/CMakeTmp'
make[1]: *** [Makefile:121: cmTC_44e5c/fast] Error 2
make[1]: Leaving directory '/home/shivaubuntu/CFU-playground/CFU-Playground/proj/kws_micro_accel/build/renode/CMakeFiles/CMakeTmp'


Source file was:
int main() { return 0; }
Performing C++ SOURCE FILE Test _mt failed with the following output:
Change Dir: /home/shivaubuntu/CFU-playground/CFU-Playground/proj/kws_micro_accel/build/renode/CMakeFiles/CMakeTmp

Run Build Command(s):/usr/bin/make cmTC_5e11f/fast && make[1]: Entering directory '/home/shivaubuntu/CFU-playground/CFU-Playground/proj/kws_micro_accel/build/renode/CMakeFiles/CMakeTmp'
/usr/bin/make -f CMakeFiles/cmTC_5e11f.dir/build.make CMakeFiles/cmTC_5e11f.dir/build
make[2]: Entering directory '/home/shivaubuntu/CFU-playground/CFU-Playground/proj/kws_micro_accel/build/renode/CMakeFiles/CMakeTmp'
Building CXX object CMakeFiles/cmTC_5e11f.dir/src.cxx.o
/usr/bin/c++    -D_mt   -o CMakeFiles/cmTC_5e11f.dir/src.cxx.o -c /home/shivaubuntu/CFU-playground/CFU-Playground/proj/kws_micro_accel/build/renode/CMakeFiles/CMakeTmp/src.cxx
Linking CXX executable cmTC_5e11f
/usr/bin/cmake -E cmake_link_script CMakeFiles/cmTC_5e11f.dir/link.txt --verbose=1
/usr/bin/c++   -D_mt    CMakeFiles/cmTC_5e11f.dir/src.cxx.o  -o cmTC_5e11f  -mt 
c++: error: unrecognized command line option ‘-mt’; did you mean ‘-t’?
make[2]: *** [CMakeFiles/cmTC_5e11f.dir/build.make:87: cmTC_5e11f] Error 1
make[2]: Leaving directory '/home/shivaubuntu/CFU-playground/CFU-Playground/proj/kws_micro_accel/build/renode/CMakeFiles/CMakeTmp'
make[1]: *** [Makefile:121: cmTC_5e11f/fast] Error 2
make[1]: Leaving directory '/home/shivaubuntu/CFU-playground/CFU-Playground/proj/kws_micro_accel/build/renode/CMakeFiles/CMakeTmp'


Source file was:
int main() {return 0;}

